<?xml version="1.0" encoding="UTF-8"?>
<testsuite xmlns:xsi="http://www.w3.org/2001/XMLSchema-instance" xsi:noNamespaceSchemaLocation="https://maven.apache.org/surefire/maven-surefire-plugin/xsd/surefire-test-report-3.0.xsd" version="3.0" name="test.test.project.TestDemo" time="5.132" tests="1" errors="0" skipped="0" failures="0">
  <properties>
[...]
</properties>
  <testcase name="getAllBookings" classname="test.test.project.TestDemo" time="4.421">
    <system-out><![CDATA[Request method:	GET
Request URI:	https://restful-booker.herokuapp.com/booking
Proxy:			<none>
Request params:	<none>
Query params:	<none>
Form params:	<none>
Path params:	<none>
Headers:		Accept=*/*
Cookies:		<none>
Multiparts:		<none>
Body:			<none>
HTTP/1.1 200 OK
Server: Cowboy
Report-To: {"group":"heroku-nel","max_age":3600,"endpoints":[{"url":"https://nel.heroku.com/reports?ts=1735544953&sid=c46efe9b-d3d2-4a0c-8c76-bfafa16c5add&s=2LpbcmSZ7%2B8MStuohyCz4Yqfy3iVu1eUQeotr14Rq%2Bo%3D"}]}
Reporting-Endpoints: heroku-nel=https://nel.heroku.com/reports?ts=1735544953&sid=c46efe9b-d3d2-4a0c-8c76-bfafa16c5add&s=2LpbcmSZ7%2B8MStuohyCz4Yqfy3iVu1eUQeotr14Rq%2Bo%3D
Nel: {"report_to":"heroku-nel","max_age":3600,"success_fraction":0.005,"failure_fraction":0.05,"response_headers":["Via"]}
Connection: keep-alive
X-Powered-By: Express
Content-Type: application/json; charset=utf-8
Content-Length: 58266
Etag: W/"e39a-Am9zEMualAIC7IzSCNJXobsWGDk"
Date: Mon, 30 Dec 2024 07:49:13 GMT
Via: 1.1 vegur

[
    {
        "bookingid": 1874
    },
    {
        "bookingid": 286
    },
    {
        "bookingid": 199
    },
    {
        "bookingid": 3638
    },
    {
        "bookingid": 1980
    },
    {
        "bookingid": 2002
    },
    {
        "bookingid": 3879
    },
    {
        "bookingid": 3272
    },
    {
        "bookingid": 3624
    },
    {
        "bookingid": 894
    },
    {
        "bookingid": 1246
    },
    {
        "bookingid": 1413
    },
    {
        "bookingid": 1648
    },
    {
        "bookingid": 3694
    },
    {
        "bookingid": 2259
    },
    {
        "bookingid": 1695
    },
    {
        "bookingid": 3706
    },
    {
        "bookingid": 3712
    },
    {
        "bookingid": 132
    },
    {
        "bookingid": 4227
    },
    {
        "bookingid": 3423
    },
    {
        "bookingid": 640
    },
    {
        "bookingid": 993
    },
    {
        "bookingid": 1274
    },
    {
        "bookingid": 1356
    },
    {
        "bookingid": 1820
    },
    {
        "bookingid": 1547
    },
    {
        "bookingid": 4482
    },
    {
        "bookingid": 1863
    },
    {
        "bookingid": 2659
    },
    {
        "bookingid": 4150
    },
    {
        "bookingid": 1906
    },
    {
        "bookingid": 1291
    },
    {
        "bookingid": 2377
    },
    {
        "bookingid": 495
    },
    {
        "bookingid": 3008
    },
    {
        "bookingid": 3450
    },
    {
        "bookingid": 2205
    },
    {
        "bookingid": 2358
    },
    {
        "bookingid": 912
    },
    {
        "bookingid": 313
    },
    {
        "bookingid": 1745
    },
    {
        "bookingid": 2842
    },
    {
        "bookingid": 810
    },
    {
        "bookingid": 4484
    },
    {
        "bookingid": 705
    },
    {
        "bookingid": 347
    },
    {
        "bookingid": 1012
    },
    {
        "bookingid": 974
    },
    {
        "bookingid": 1622
    },
    {
        "bookingid": 555
    },
    {
        "bookingid": 2223
    },
    {
        "bookingid": 3989
    },
    {
        "bookingid": 1328
    },
    {
        "bookingid": 2813
    },
    {
        "bookingid": 2302
    },
    {
        "bookingid": 2900
    },
    {
        "bookingid": 1096
    },
    {
        "bookingid": 104
    },
    {
        "bookingid": 1256
    },
    {
        "bookingid": 4464
    },
    {
        "bookingid": 1987
    },
    {
        "bookingid": 3392
    },
    {
        "bookingid": 4055
    },
    {
        "bookingid": 2678
    },
    {
        "bookingid": 318
    },
    {
        "bookingid": 144
    },
    {
        "bookingid": 3326
    },
    {
        "bookingid": 2423
    },
    {
        "bookingid": 2509
    },
    {
        "bookingid": 2297
    },
    {
        "bookingid": 3059
    },
    {
        "bookingid": 3634
    },
    {
        "bookingid": 1175
    },
    {
        "bookingid": 206
    },
    {
        "bookingid": 1773
    },
    {
        "bookingid": 545
    },
    {
        "bookingid": 2596
    },
    {
        "bookingid": 1310
    },
    {
        "bookingid": 2224
    },
    {
        "bookingid": 790
    },
    {
        "bookingid": 915
    },
    {
        "bookingid": 3290
    },
    {
        "bookingid": 103
    },
    {
        "bookingid": 1066
    },
    {
        "bookingid": 860
    },
    {
        "bookingid": 4339
    },
    {
        "bookingid": 262
    },
    {
        "bookingid": 369
    },
    {
        "bookingid": 151
    },
    {
        "bookingid": 4292
    },
    {
        "bookingid": 3662
    },
    {
        "bookingid": 3239
    },
    {
        "bookingid": 2940
    },
    {
        "bookingid": 746
    },
    {
        "bookingid": 2883
    },
    {
        "bookingid": 4462
    },
    {
        "bookingid": 4310
    },
    {
        "bookingid": 3135
    },
    {
        "bookingid": 1346
    },
    {
        "bookingid": 2584
    },
    {
        "bookingid": 3383
    },
    {
        "bookingid": 405
    },
    {
        "bookingid": 2655
    },
    {
        "bookingid": 1675
    },
    {
        "bookingid": 3405
    },
    {
        "bookingid": 567
    },
    {
        "bookingid": 112
    },
    {
        "bookingid": 3945
    },
    {
        "bookingid": 3309
    },
    {
        "bookingid": 3566
    },
    {
        "bookingid": 3220
    },
    {
        "bookingid": 1871
    },
    {
        "bookingid": 299
    },
    {
        "bookingid": 1455
    },
    {
        "bookingid": 3600
    },
    {
        "bookingid": 4258
    },
    {
        "bookingid": 1970
    },
    {
        "bookingid": 2434
    },
    {
        "bookingid": 3451
    },
    {
        "bookingid": 3501
    },
    {
        "bookingid": 181
    },
    {
        "bookingid": 3818
    },
    {
        "bookingid": 3839
    },
    {
        "bookingid": 3069
    },
    {
        "bookingid": 1655
    },
    {
        "bookingid": 2414
    },
    {
        "bookingid": 3949
    },
    {
        "bookingid": 2399
    },
    {
        "bookingid": 4255
    },
    {
        "bookingid": 2006
    },
    {
        "bookingid": 900
    },
    {
        "bookingid": 3412
    },
    {
        "bookingid": 887
    },
    {
        "bookingid": 2912
    },
    {
        "bookingid": 2307
    },
    {
        "bookingid": 2927
    },
    {
        "bookingid": 775
    },
    {
        "bookingid": 3932
    },
    {
        "bookingid": 3473
    },
    {
        "bookingid": 3980
    },
    {
        "bookingid": 1721
    },
    {
        "bookingid": 4073
    },
    {
        "bookingid": 1860
    },
    {
        "bookingid": 3779
    },
    {
        "bookingid": 3747
    },
    {
        "bookingid": 4297
    },
    {
        "bookingid": 1513
    },
    {
        "bookingid": 1039
    },
    {
        "bookingid": 2777
    },
    {
        "bookingid": 3764
    },
    {
        "bookingid": 2504
    },
    {
        "bookingid": 3176
    },
    {
        "bookingid": 4129
    },
    {
        "bookingid": 187
    },
    {
        "bookingid": 2997
    },
    {
        "bookingid": 1818
    },
    {
        "bookingid": 3178
    },
    {
        "bookingid": 485
    },
    {
        "bookingid": 2723
    },
    {
        "bookingid": 225
    },
    {
        "bookingid": 3637
    },
    {
        "bookingid": 306
    },
    {
        "bookingid": 1633
    },
    {
        "bookingid": 3653
    },
    {
        "bookingid": 3807
    },
    {
        "bookingid": 4040
    },
    {
        "bookingid": 2663
    },
    {
        "bookingid": 2312
    },
    {
        "bookingid": 1878
    },
    {
        "bookingid": 2913
    },
    {
        "bookingid": 2151
    },
    {
        "bookingid": 4250
    },
    {
        "bookingid": 3173
    },
    {
        "bookingid": 3332
    },
    {
        "bookingid": 1936
    },
    {
        "bookingid": 2606
    },
    {
        "bookingid": 2981
    },
    {
        "bookingid": 4188
    },
    {
        "bookingid": 266
    },
    {
        "bookingid": 4282
    },
    {
        "bookingid": 2190
    },
    {
        "bookingid": 4294
    },
    {
        "bookingid": 1126
    },
    {
        "bookingid": 2324
    },
    {
        "bookingid": 55
    },
    {
        "bookingid": 2519
    },
    {
        "bookingid": 4348
    },
    {
        "bookingid": 783
    },
    {
        "bookingid": 3374
    },
    {
        "bookingid": 2935
    },
    {
        "bookingid": 3577
    },
    {
        "bookingid": 3698
    },
    {
        "bookingid": 2204
    },
    {
        "bookingid": 4309
    },
    {
        "bookingid": 2601
    },
    {
        "bookingid": 468
    },
    {
        "bookingid": 3888
    },
    {
        "bookingid": 3335
    },
    {
        "bookingid": 3181
    },
    {
        "bookingid": 1491
    },
    {
        "bookingid": 3319
    },
    {
        "bookingid": 2556
    },
    {
        "bookingid": 3448
    },
    {
        "bookingid": 197
    },
    {
        "bookingid": 316
    },
    {
        "bookingid": 994
    },
    {
        "bookingid": 771
    },
    {
        "bookingid": 451
    },
    {
        "bookingid": 827
    },
    {
        "bookingid": 4542
    },
    {
        "bookingid": 4411
    },
    {
        "bookingid": 107
    },
    {
        "bookingid": 2355
    },
    {
        "bookingid": 21
    },
    {
        "bookingid": 78
    },
    {
        "bookingid": 1219
    },
    {
        "bookingid": 3393
    },
    {
        "bookingid": 4335
    },
    {
        "bookingid": 3899
    },
    {
        "bookingid": 3892
    },
    {
        "bookingid": 59
    },
    {
        "bookingid": 253
    },
    {
        "bookingid": 1393
    },
    {
        "bookingid": 1160
    },
    {
        "bookingid": 2555
    },
    {
        "bookingid": 2049
    },
    {
        "bookingid": 1031
    },
    {
        "bookingid": 1674
    },
    {
        "bookingid": 2153
    },
    {
        "bookingid": 3990
    },
    {
        "bookingid": 622
    },
    {
        "bookingid": 4548
    },
    {
        "bookingid": 4199
    },
    {
        "bookingid": 2952
    },
    {
        "bookingid": 2651
    },
    {
        "bookingid": 3718
    },
    {
        "bookingid": 1244
    },
    {
        "bookingid": 4455
    },
    {
        "bookingid": 642
    },
    {
        "bookingid": 2585
    },
    {
        "bookingid": 4361
    },
    {
        "bookingid": 2285
    },
    {
        "bookingid": 4575
    },
    {
        "bookingid": 2860
    },
    {
        "bookingid": 934
    },
    {
        "bookingid": 2891
    },
    {
        "bookingid": 1955
    },
    {
        "bookingid": 2735
    },
    {
        "bookingid": 3077
    },
    {
        "bookingid": 2921
    },
    {
        "bookingid": 1767
    },
    {
        "bookingid": 4244
    },
    {
        "bookingid": 4566
    },
    {
        "bookingid": 612
    },
    {
        "bookingid": 3234
    },
    {
        "bookingid": 1907
    },
    {
        "bookingid": 3763
    },
    {
        "bookingid": 4228
    },
    {
        "bookingid": 3886
    },
    {
        "bookingid": 1517
    },
    {
        "bookingid": 1450
    },
    {
        "bookingid": 3102
    },
    {
        "bookingid": 2792
    },
    {
        "bookingid": 3322
    },
    {
        "bookingid": 2684
    },
    {
        "bookingid": 2157
    },
    {
        "bookingid": 4137
    },
    {
        "bookingid": 1024
    },
    {
        "bookingid": 3746
    },
    {
        "bookingid": 2159
    },
    {
        "bookingid": 3834
    },
    {
        "bookingid": 1747
    },
    {
        "bookingid": 1359
    },
    {
        "bookingid": 1075
    },
    {
        "bookingid": 2410
    },
    {
        "bookingid": 4254
    },
    {
        "bookingid": 2919
    },
    {
        "bookingid": 2162
    },
    {
        "bookingid": 43
    },
    {
        "bookingid": 943
    },
    {
        "bookingid": 2440
    },
    {
        "bookingid": 1199
    },
    {
        "bookingid": 4285
    },
    {
        "bookingid": 2865
    },
    {
        "bookingid": 3547
    },
    {
        "bookingid": 248
    },
    {
        "bookingid": 549
    },
    {
        "bookingid": 4100
    },
    {
        "bookingid": 1661
    },
    {
        "bookingid": 1060
    },
    {
        "bookingid": 2934
    },
    {
        "bookingid": 2983
    },
    {
        "bookingid": 278
    },
    {
        "bookingid": 3734
    },
    {
        "bookingid": 1536
    },
    {
        "bookingid": 4444
    },
    {
        "bookingid": 3977
    },
    {
        "bookingid": 3212
    },
    {
        "bookingid": 401
    },
    {
        "bookingid": 2538
    },
    {
        "bookingid": 3110
    },
    {
        "bookingid": 1869
    },
    {
        "bookingid": 2186
    },
    {
        "bookingid": 2245
    },
    {
        "bookingid": 201
    },
    {
        "bookingid": 3802
    },
    {
        "bookingid": 719
    },
    {
        "bookingid": 366
    },
    {
        "bookingid": 433
    },
    {
        "bookingid": 1612
    },
    {
        "bookingid": 3457
    },
    {
        "bookingid": 4580
    },
    {
        "bookingid": 1155
    },
    {
        "bookingid": 2656
    },
    {
        "bookingid": 1974
    },
    {
        "bookingid": 1680
    },
    {
        "bookingid": 2065
    },
    {
        "bookingid": 8
    },
    {
        "bookingid": 3131
    },
    {
        "bookingid": 2591
    },
    {
        "bookingid": 447
    },
    {
        "bookingid": 2998
    },
    {
        "bookingid": 2484
    },
    {
        "bookingid": 4080
    },
    {
        "bookingid": 372
    },
    {
        "bookingid": 599
    },
    {
        "bookingid": 223
    },
    {
        "bookingid": 2460
    },
    {
        "bookingid": 4207
    },
    {
        "bookingid": 3559
    },
    {
        "bookingid": 4056
    },
    {
        "bookingid": 655
    },
    {
        "bookingid": 2417
    },
    {
        "bookingid": 882
    },
    {
        "bookingid": 2035
    },
    {
        "bookingid": 463
    },
    {
        "bookingid": 3956
    },
    {
        "bookingid": 2206
    },
    {
        "bookingid": 1815
    },
    {
        "bookingid": 285
    },
    {
        "bookingid": 3714
    },
    {
        "bookingid": 1825
    },
    {
        "bookingid": 572
    },
    {
        "bookingid": 2384
    },
    {
        "bookingid": 3950
    },
    {
        "bookingid": 3406
    },
    {
        "bookingid": 1068
    },
    {
        "bookingid": 434
    },
    {
        "bookingid": 3443
    },
    {
        "bookingid": 61
    },
    {
        "bookingid": 3052
    },
    {
        "bookingid": 2588
    },
    {
        "bookingid": 3573
    },
    {
        "bookingid": 3720
    },
    {
        "bookingid": 3269
    },
    {
        "bookingid": 1368
    },
    {
        "bookingid": 4067
    },
    {
        "bookingid": 3085
    },
    {
        "bookingid": 1739
    },
    {
        "bookingid": 2016
    },
    {
        "bookingid": 1030
    },
    {
        "bookingid": 106
    },
    {
        "bookingid": 933
    },
    {
        "bookingid": 1808
    },
    {
        "bookingid": 819
    },
    {
        "bookingid": 2817
    },
    {
        "bookingid": 2978
    },
    {
        "bookingid": 4140
    },
    {
        "bookingid": 3590
    },
    {
        "bookingid": 64
    },
    {
        "bookingid": 2966
    },
    {
        "bookingid": 1011
    },
    {
        "bookingid": 3129
    },
    {
        "bookingid": 1700
    },
    {
        "bookingid": 3761
    },
    {
        "bookingid": 4113
    },
    {
        "bookingid": 1789
    },
    {
        "bookingid": 3911
    },
    {
        "bookingid": 4007
    },
    {
        "bookingid": 1189
    },
    {
        "bookingid": 645
    },
    {
        "bookingid": 3841
    },
    {
        "bookingid": 3863
    },
    {
        "bookingid": 2795
    },
    {
        "bookingid": 2987
    },
    {
        "bookingid": 281
    },
    {
        "bookingid": 3424
    },
    {
        "bookingid": 846
    },
    {
        "bookingid": 3053
    },
    {
        "bookingid": 901
    },
    {
        "bookingid": 1449
    },
    {
        "bookingid": 4081
    },
    {
        "bookingid": 3760
    },
    {
        "bookingid": 1964
    },
    {
        "bookingid": 564
    },
    {
        "bookingid": 4492
    },
    {
        "bookingid": 1602
    },
    {
        "bookingid": 948
    },
    {
        "bookingid": 3217
    },
    {
        "bookingid": 2679
    },
    {
        "bookingid": 661
    },
    {
        "bookingid": 2021
    },
    {
        "bookingid": 3415
    },
    {
        "bookingid": 3492
    },
    {
        "bookingid": 3417
    },
    {
        "bookingid": 2916
    },
    {
        "bookingid": 3538
    },
    {
        "bookingid": 3182
    },
    {
        "bookingid": 2571
    },
    {
        "bookingid": 3138
    },
    {
        "bookingid": 1410
    },
    {
        "bookingid": 1211
    },
    {
        "bookingid": 1656
    },
    {
        "bookingid": 340
    },
    {
        "bookingid": 1556
    },
    {
        "bookingid": 4564
    },
    {
        "bookingid": 886
    },
    {
        "bookingid": 2759
    },
    {
        "bookingid": 4028
    },
    {
        "bookingid": 2253
    },
    {
        "bookingid": 2996
    },
    {
        "bookingid": 762
    },
    {
        "bookingid": 716
    },
    {
        "bookingid": 2105
    },
    {
        "bookingid": 1146
    },
    {
        "bookingid": 272
    },
    {
        "bookingid": 2804
    },
    {
        "bookingid": 2682
    },
    {
        "bookingid": 79
    },
    {
        "bookingid": 2635
    },
    {
        "bookingid": 37
    },
    {
        "bookingid": 10
    },
    {
        "bookingid": 196
    },
    {
        "bookingid": 478
    },
    {
        "bookingid": 3366
    },
    {
        "bookingid": 4010
    },
    {
        "bookingid": 3112
    },
    {
        "bookingid": 1210
    },
    {
        "bookingid": 1642
    },
    {
        "bookingid": 1873
    },
    {
        "bookingid": 624
    },
    {
        "bookingid": 3317
    },
    {
        "bookingid": 3623
    },
    {
        "bookingid": 883
    },
    {
        "bookingid": 3026
    },
    {
        "bookingid": 4570
    },
    {
        "bookingid": 937
    },
    {
        "bookingid": 2780
    },
    {
        "bookingid": 3966
    },
    {
        "bookingid": 4523
    },
    {
        "bookingid": 2856
    },
    {
        "bookingid": 1580
    },
    {
        "bookingid": 1205
    },
    {
        "bookingid": 3352
    },
    {
        "bookingid": 4110
    },
    {
        "bookingid": 1054
    },
    {
        "bookingid": 154
    },
    {
        "bookingid": 1952
    },
    {
        "bookingid": 2980
    },
    {
        "bookingid": 1706
    },
    {
        "bookingid": 3633
    },
    {
        "bookingid": 3380
    },
    {
        "bookingid": 3240
    },
    {
        "bookingid": 1794
    },
    {
        "bookingid": 3260
    },
    {
        "bookingid": 2385
    },
    {
        "bookingid": 643
    },
    {
        "bookingid": 3283
    },
    {
        "bookingid": 538
    },
    {
        "bookingid": 387
    },
    {
        "bookingid": 1565
    },
    {
        "bookingid": 1645
    },
    {
        "bookingid": 1144
    },
    {
        "bookingid": 2511
    },
    {
        "bookingid": 475
    },
    {
        "bookingid": 676
    },
    {
        "bookingid": 2581
    },
    {
        "bookingid": 2130
    },
    {
        "bookingid": 3304
    },
    {
        "bookingid": 2249
    },
    {
        "bookingid": 3967
    },
    {
        "bookingid": 41
    },
    {
        "bookingid": 3803
    },
    {
        "bookingid": 1562
    },
    {
        "bookingid": 319
    },
    {
        "bookingid": 3020
    },
    {
        "bookingid": 2741
    },
    {
        "bookingid": 1120
    },
    {
        "bookingid": 3263
    },
    {
        "bookingid": 109
    },
    {
        "bookingid": 33
    },
    {
        "bookingid": 4177
    },
    {
        "bookingid": 131
    },
    {
        "bookingid": 2550
    },
    {
        "bookingid": 1133
    },
    {
        "bookingid": 694
    },
    {
        "bookingid": 1849
    },
    {
        "bookingid": 976
    },
    {
        "bookingid": 56
    },
    {
        "bookingid": 2625
    },
    {
        "bookingid": 1047
    },
    {
        "bookingid": 1289
    },
    {
        "bookingid": 511
    },
    {
        "bookingid": 1937
    },
    {
        "bookingid": 1943
    },
    {
        "bookingid": 2481
    },
    {
        "bookingid": 3486
    },
    {
        "bookingid": 3436
    },
    {
        "bookingid": 70
    },
    {
        "bookingid": 1329
    },
    {
        "bookingid": 4509
    },
    {
        "bookingid": 3454
    },
    {
        "bookingid": 1903
    },
    {
        "bookingid": 1487
    },
    {
        "bookingid": 3808
    },
    {
        "bookingid": 2372
    },
    {
        "bookingid": 3302
    },
    {
        "bookingid": 1408
    },
    {
        "bookingid": 2674
    },
    {
        "bookingid": 1439
    },
    {
        "bookingid": 3584
    },
    {
        "bookingid": 1027
    },
    {
        "bookingid": 830
    },
    {
        "bookingid": 566
    },
    {
        "bookingid": 4302
    },
    {
        "bookingid": 2472
    },
    {
        "bookingid": 1283
    },
    {
        "bookingid": 35
    },
    {
        "bookingid": 510
    },
    {
        "bookingid": 4454
    },
    {
        "bookingid": 4329
    },
    {
        "bookingid": 2299
    },
    {
        "bookingid": 2702
    },
    {
        "bookingid": 3795
    },
    {
        "bookingid": 918
    },
    {
        "bookingid": 1668
    },
    {
        "bookingid": 1884
    },
    {
        "bookingid": 2699
    },
    {
        "bookingid": 546
    },
    {
        "bookingid": 3941
    },
    {
        "bookingid": 3465
    },
    {
        "bookingid": 4142
    },
    {
        "bookingid": 704
    },
    {
        "bookingid": 3730
    },
    {
        "bookingid": 2011
    },
    {
        "bookingid": 1492
    },
    {
        "bookingid": 2125
    },
    {
        "bookingid": 1046
    },
    {
        "bookingid": 4170
    },
    {
        "bookingid": 3120
    },
    {
        "bookingid": 3930
    },
    {
        "bookingid": 4160
    },
    {
        "bookingid": 3525
    },
    {
        "bookingid": 345
    },
    {
        "bookingid": 42
    },
    {
        "bookingid": 684
    },
    {
        "bookingid": 3869
    },
    {
        "bookingid": 1316
    },
    {
        "bookingid": 402
    },
    {
        "bookingid": 628
    },
    {
        "bookingid": 1045
    },
    {
        "bookingid": 2845
    },
    {
        "bookingid": 3170
    },
    {
        "bookingid": 173
    },
    {
        "bookingid": 2238
    },
    {
        "bookingid": 1350
    },
    {
        "bookingid": 2108
    },
    {
        "bookingid": 699
    },
    {
        "bookingid": 3861
    },
    {
        "bookingid": 50
    },
    {
        "bookingid": 4018
    },
    {
        "bookingid": 1888
    },
    {
        "bookingid": 1635
    },
    {
        "bookingid": 46
    },
    {
        "bookingid": 9
    },
    {
        "bookingid": 1698
    },
    {
        "bookingid": 2875
    },
    {
        "bookingid": 2200
    },
    {
        "bookingid": 1654
    },
    {
        "bookingid": 4498
    },
    {
        "bookingid": 1148
    },
    {
        "bookingid": 1759
    },
    {
        "bookingid": 2933
    },
    {
        "bookingid": 740
    },
    {
        "bookingid": 4471
    },
    {
        "bookingid": 2042
    },
    {
        "bookingid": 1896
    },
    {
        "bookingid": 4528
    },
    {
        "bookingid": 2905
    },
    {
        "bookingid": 1174
    },
    {
        "bookingid": 3539
    },
    {
        "bookingid": 235
    },
    {
        "bookingid": 1673
    },
    {
        "bookingid": 799
    },
    {
        "bookingid": 527
    },
    {
        "bookingid": 4402
    },
    {
        "bookingid": 2113
    },
    {
        "bookingid": 2939
    },
    {
        "bookingid": 4262
    },
    {
        "bookingid": 1546
    },
    {
        "bookingid": 73
    },
    {
        "bookingid": 4447
    },
    {
        "bookingid": 1300
    },
    {
        "bookingid": 2530
    },
    {
        "bookingid": 1032
    },
    {
        "bookingid": 2535
    },
    {
        "bookingid": 1882
    },
    {
        "bookingid": 649
    },
    {
        "bookingid": 1132
    },
    {
        "bookingid": 2489
    },
    {
        "bookingid": 833
    },
    {
        "bookingid": 4182
    },
    {
        "bookingid": 3646
    },
    {
        "bookingid": 4096
    },
    {
        "bookingid": 3205
    },
    {
        "bookingid": 1614
    },
    {
        "bookingid": 4412
    },
    {
        "bookingid": 2070
    },
    {
        "bookingid": 1946
    },
    {
        "bookingid": 4252
    },
    {
        "bookingid": 1176
    },
    {
        "bookingid": 2705
    },
    {
        "bookingid": 595
    },
    {
        "bookingid": 3076
    },
    {
        "bookingid": 4522
    },
    {
        "bookingid": 2602
    },
    {
        "bookingid": 2867
    },
    {
        "bookingid": 2546
    },
    {
        "bookingid": 3716
    },
    {
        "bookingid": 2288
    },
    {
        "bookingid": 2169
    },
    {
        "bookingid": 3320
    },
    {
        "bookingid": 267
    },
    {
        "bookingid": 808
    },
    {
        "bookingid": 3923
    },
    {
        "bookingid": 1682
    },
    {
        "bookingid": 4098
    },
    {
        "bookingid": 4503
    },
    {
        "bookingid": 2743
    },
    {
        "bookingid": 2379
    },
    {
        "bookingid": 215
    },
    {
        "bookingid": 3072
    },
    {
        "bookingid": 3726
    },
    {
        "bookingid": 1606
    },
    {
        "bookingid": 2189
    },
    {
        "bookingid": 233
    },
    {
        "bookingid": 634
    },
    {
        "bookingid": 1108
    },
    {
        "bookingid": 361
    },
    {
        "bookingid": 398
    },
    {
        "bookingid": 4400
    },
    {
        "bookingid": 989
    },
    {
        "bookingid": 3168
    },
    {
        "bookingid": 1473
    },
    {
        "bookingid": 2251
    },
    {
        "bookingid": 4240
    },
    {
        "bookingid": 1069
    },
    {
        "bookingid": 4584
    },
    {
        "bookingid": 1470
    },
    {
        "bookingid": 2750
    },
    {
        "bookingid": 4576
    },
    {
        "bookingid": 3731
    },
    {
        "bookingid": 3773
    },
    {
        "bookingid": 3683
    },
    {
        "bookingid": 1478
    },
    {
        "bookingid": 1028
    },
    {
        "bookingid": 1193
    },
    {
        "bookingid": 229
    },
    {
        "bookingid": 2961
    },
    {
        "bookingid": 3775
    },
    {
        "bookingid": 818
    },
    {
        "bookingid": 3894
    },
    {
        "bookingid": 165
    },
    {
        "bookingid": 2164
    },
    {
        "bookingid": 4099
    },
    {
        "bookingid": 1231
    },
    {
        "bookingid": 3780
    },
    {
        "bookingid": 1398
    },
    {
        "bookingid": 71
    },
    {
        "bookingid": 1956
    },
    {
        "bookingid": 3235
    },
    {
        "bookingid": 1610
    },
    {
        "bookingid": 2298
    },
    {
        "bookingid": 1500
    },
    {
        "bookingid": 3287
    },
    {
        "bookingid": 2733
    },
    {
        "bookingid": 3022
    },
    {
        "bookingid": 2892
    },
    {
        "bookingid": 4510
    },
    {
        "bookingid": 3164
    },
    {
        "bookingid": 4353
    },
    {
        "bookingid": 4042
    },
    {
        "bookingid": 1725
    },
    {
        "bookingid": 4014
    },
    {
        "bookingid": 86
    },
    {
        "bookingid": 1208
    },
    {
        "bookingid": 526
    },
    {
        "bookingid": 3831
    },
    {
        "bookingid": 1214
    },
    {
        "bookingid": 1532
    },
    {
        "bookingid": 1900
    },
    {
        "bookingid": 1754
    },
    {
        "bookingid": 4197
    },
    {
        "bookingid": 3143
    },
    {
        "bookingid": 4204
    },
    {
        "bookingid": 3528
    },
    {
        "bookingid": 2131
    },
    {
        "bookingid": 1855
    },
    {
        "bookingid": 3378
    },
    {
        "bookingid": 787
    },
    {
        "bookingid": 2154
    },
    {
        "bookingid": 3572
    },
    {
        "bookingid": 93
    },
    {
        "bookingid": 2175
    },
    {
        "bookingid": 439
    },
    {
        "bookingid": 3432
    },
    {
        "bookingid": 4337
    },
    {
        "bookingid": 1318
    },
    {
        "bookingid": 359
    },
    {
        "bookingid": 3134
    },
    {
        "bookingid": 4068
    },
    {
        "bookingid": 2075
    },
    {
        "bookingid": 2769
    },
    {
        "bookingid": 1266
    },
    {
        "bookingid": 3695
    },
    {
        "bookingid": 1977
    },
    {
        "bookingid": 2139
    },
    {
        "bookingid": 2446
    },
    {
        "bookingid": 1170
    },
    {
        "bookingid": 1357
    },
    {
        "bookingid": 2313
    },
    {
        "bookingid": 2435
    },
    {
        "bookingid": 488
    },
    {
        "bookingid": 2027
    },
    {
        "bookingid": 115
    },
    {
        "bookingid": 96
    },
    {
        "bookingid": 3174
    },
    {
        "bookingid": 3942
    },
    {
        "bookingid": 2958
    },
    {
        "bookingid": 3066
    },
    {
        "bookingid": 2
    },
    {
        "bookingid": 3119
    },
    {
        "bookingid": 25
    },
    {
        "bookingid": 4235
    },
    {
        "bookingid": 2496
    },
    {
        "bookingid": 2272
    },
    {
        "bookingid": 757
    },
    {
        "bookingid": 2493
    },
    {
        "bookingid": 2768
    },
    {
        "bookingid": 3194
    },
    {
        "bookingid": 1945
    },
    {
        "bookingid": 2670
    },
    {
        "bookingid": 4165
    },
    {
        "bookingid": 3479
    },
    {
        "bookingid": 823
    },
    {
        "bookingid": 519
    },
    {
        "bookingid": 4009
    },
    {
        "bookingid": 2470
    },
    {
        "bookingid": 1385
    },
    {
        "bookingid": 2216
    },
    {
        "bookingid": 4062
    },
    {
        "bookingid": 4530
    },
    {
        "bookingid": 893
    },
    {
        "bookingid": 3920
    },
    {
        "bookingid": 3885
    },
    {
        "bookingid": 1258
    },
    {
        "bookingid": 2267
    },
    {
        "bookingid": 3199
    },
    {
        "bookingid": 2826
    },
    {
        "bookingid": 3338
    },
    {
        "bookingid": 240
    },
    {
        "bookingid": 2681
    },
    {
        "bookingid": 697
    },
    {
        "bookingid": 851
    },
    {
        "bookingid": 3014
    },
    {
        "bookingid": 2818
    },
    {
        "bookingid": 2250
    },
    {
        "bookingid": 1627
    },
    {
        "bookingid": 2447
    },
    {
        "bookingid": 2541
    },
    {
        "bookingid": 4127
    },
    {
        "bookingid": 3340
    },
    {
        "bookingid": 2055
    },
    {
        "bookingid": 88
    },
    {
        "bookingid": 4218
    },
    {
        "bookingid": 1885
    },
    {
        "bookingid": 3910
    },
    {
        "bookingid": 382
    },
    {
        "bookingid": 416
    },
    {
        "bookingid": 537
    },
    {
        "bookingid": 805
    },
    {
        "bookingid": 559
    },
    {
        "bookingid": 3661
    },
    {
        "bookingid": 2181
    },
    {
        "bookingid": 3651
    },
    {
        "bookingid": 2473
    },
    {
        "bookingid": 738
    },
    {
        "bookingid": 3821
    },
    {
        "bookingid": 2624
    },
    {
        "bookingid": 1456
    },
    {
        "bookingid": 3271
    },
    {
        "bookingid": 2144
    },
    {
        "bookingid": 426
    },
    {
        "bookingid": 3045
    },
    {
        "bookingid": 2545
    },
    {
        "bookingid": 3293
    },
    {
        "bookingid": 40
    },
    {
        "bookingid": 1942
    },
    {
        "bookingid": 2694
    },
    {
        "bookingid": 508
    },
    {
        "bookingid": 925
    },
    {
        "bookingid": 2076
    },
    {
        "bookingid": 247
    },
    {
        "bookingid": 4093
    },
    {
        "bookingid": 2593
    },
    {
        "bookingid": 2333
    },
    {
        "bookingid": 4543
    },
    {
        "bookingid": 2500
    },
    {
        "bookingid": 143
    },
    {
        "bookingid": 145
    },
    {
        "bookingid": 2816
    },
    {
        "bookingid": 1184
    },
    {
        "bookingid": 4000
    },
    {
        "bookingid": 4233
    },
    {
        "bookingid": 480
    },
    {
        "bookingid": 1718
    },
    {
        "bookingid": 3666
    },
    {
        "bookingid": 121
    },
    {
        "bookingid": 3594
    },
    {
        "bookingid": 2276
    },
    {
        "bookingid": 4545
    },
    {
        "bookingid": 610
    },
    {
        "bookingid": 185
    },
    {
        "bookingid": 2329
    },
    {
        "bookingid": 2695
    },
    {
        "bookingid": 2643
    },
    {
        "bookingid": 4249
    },
    {
        "bookingid": 2310
    },
    {
        "bookingid": 3201
    },
    {
        "bookingid": 2392
    },
    {
        "bookingid": 1463
    },
    {
        "bookingid": 3852
    },
    {
        "bookingid": 3147
    },
    {
        "bookingid": 2111
    },
    {
        "bookingid": 348
    },
    {
        "bookingid": 476
    },
    {
        "bookingid": 3655
    },
    {
        "bookingid": 1018
    },
    {
        "bookingid": 1847
    },
    {
        "bookingid": 3654
    },
    {
        "bookingid": 4085
    },
    {
        "bookingid": 1971
    },
    {
        "bookingid": 3619
    },
    {
        "bookingid": 2215
    },
    {
        "bookingid": 2568
    },
    {
        "bookingid": 2327
    },
    {
        "bookingid": 3079
    },
    {
        "bookingid": 1607
    },
    {
        "bookingid": 3418
    },
    {
        "bookingid": 360
    },
    {
        "bookingid": 110
    },
    {
        "bookingid": 1152
    },
    {
        "bookingid": 670
    },
    {
        "bookingid": 265
    },
    {
        "bookingid": 2788
    },
    {
        "bookingid": 2805
    },
    {
        "bookingid": 1734
    },
    {
        "bookingid": 680
    },
    {
        "bookingid": 4022
    },
    {
        "bookingid": 2063
    },
    {
        "bookingid": 3401
    },
    {
        "bookingid": 3689
    },
    {
        "bookingid": 276
    },
    {
        "bookingid": 1716
    },
    {
        "bookingid": 1296
    },
    {
        "bookingid": 2686
    },
    {
        "bookingid": 2019
    },
    {
        "bookingid": 3742
    },
    {
        "bookingid": 3565
    },
    {
        "bookingid": 2487
    },
    {
        "bookingid": 651
    },
    {
        "bookingid": 3200
    },
    {
        "bookingid": 4164
    },
    {
        "bookingid": 3846
    },
    {
        "bookingid": 2096
    },
    {
        "bookingid": 4592
    },
    {
        "bookingid": 1881
    },
    {
        "bookingid": 3873
    },
    {
        "bookingid": 4087
    },
    {
        "bookingid": 2572
    },
    {
        "bookingid": 1419
    },
    {
        "bookingid": 2408
    },
    {
        "bookingid": 4517
    },
    {
        "bookingid": 2724
    },
    {
        "bookingid": 906
    },
    {
        "bookingid": 1249
    },
    {
        "bookingid": 3032
    },
    {
        "bookingid": 1379
    },
    {
        "bookingid": 44
    },
    {
        "bookingid": 2234
    },
    {
        "bookingid": 540
    },
    {
        "bookingid": 2158
    },
    {
        "bookingid": 192
    },
    {
        "bookingid": 3096
    },
    {
        "bookingid": 4303
    },
    {
        "bookingid": 2600
    },
    {
        "bookingid": 1007
    },
    {
        "bookingid": 2607
    },
    {
        "bookingid": 4324
    },
    {
        "bookingid": 4209
    },
    {
        "bookingid": 2401
    },
    {
        "bookingid": 1424
    },
    {
        "bookingid": 2837
    },
    {
        "bookingid": 3196
    },
    {
        "bookingid": 408
    },
    {
        "bookingid": 920
    },
    {
        "bookingid": 728
    },
    {
        "bookingid": 3328
    },
    {
        "bookingid": 363
    },
    {
        "bookingid": 3925
    },
    {
        "bookingid": 582
    },
    {
        "bookingid": 2480
    },
    {
        "bookingid": 691
    },
    {
        "bookingid": 2903
    },
    {
        "bookingid": 1
    },
    {
        "bookingid": 3991
    },
    {
        "bookingid": 964
    },
    {
        "bookingid": 2030
    },
    {
        "bookingid": 3845
    },
    {
        "bookingid": 2964
    },
    {
        "bookingid": 1979
    },
    {
        "bookingid": 3331
    },
    {
        "bookingid": 3140
    },
    {
        "bookingid": 312
    },
    {
        "bookingid": 1441
    },
    {
        "bookingid": 1624
    },
    {
        "bookingid": 3833
    },
    {
        "bookingid": 2009
    },
    {
        "bookingid": 3158
    },
    {
        "bookingid": 1476
    },
    {
        "bookingid": 1957
    },
    {
        "bookingid": 4346
    },
    {
        "bookingid": 2218
    },
    {
        "bookingid": 1224
    },
    {
        "bookingid": 1281
    },
    {
        "bookingid": 4229
    },
    {
        "bookingid": 625
    },
    {
        "bookingid": 2036
    },
    {
        "bookingid": 3363
    },
    {
        "bookingid": 1480
    },
    {
        "bookingid": 853
    },
    {
        "bookingid": 4478
    },
    {
        "bookingid": 2985
    },
    {
        "bookingid": 2439
    },
    {
        "bookingid": 2362
    },
    {
        "bookingid": 130
    },
    {
        "bookingid": 3644
    },
    {
        "bookingid": 3446
    },
    {
        "bookingid": 1017
    },
    {
        "bookingid": 1641
    },
    {
        "bookingid": 3050
    },
    {
        "bookingid": 273
    },
    {
        "bookingid": 3647
    },
    {
        "bookingid": 2855
    },
    {
        "bookingid": 446
    },
    {
        "bookingid": 2135
    },
    {
        "bookingid": 3824
    },
    {
        "bookingid": 3548
    },
    {
        "bookingid": 3389
    },
    {
        "bookingid": 1782
    },
    {
        "bookingid": 2963
    },
    {
        "bookingid": 18
    },
    {
        "bookingid": 685
    },
    {
        "bookingid": 1217
    },
    {
        "bookingid": 245
    },
    {
        "bookingid": 1876
    },
    {
        "bookingid": 1369
    },
    {
        "bookingid": 2991
    },
    {
        "bookingid": 1101
    },
    {
        "bookingid": 4494
    },
    {
        "bookingid": 298
    },
    {
        "bookingid": 700
    },
    {
        "bookingid": 2059
    },
    {
        "bookingid": 3678
    },
    {
        "bookingid": 350
    },
    {
        "bookingid": 908
    },
    {
        "bookingid": 3713
    },
    {
        "bookingid": 1540
    },
    {
        "bookingid": 3786
    },
    {
        "bookingid": 162
    },
    {
        "bookingid": 183
    },
    {
        "bookingid": 1242
    },
    {
        "bookingid": 2047
    },
    {
        "bookingid": 734
    },
    {
        "bookingid": 3641
    },
    {
        "bookingid": 3550
    },
    {
        "bookingid": 1916
    },
    {
        "bookingid": 3254
    },
    {
        "bookingid": 898
    },
    {
        "bookingid": 1498
    },
    {
        "bookingid": 1377
    },
    {
        "bookingid": 4151
    },
    {
        "bookingid": 3974
    },
    {
        "bookingid": 3813
    },
    {
        "bookingid": 220
    },
    {
        "bookingid": 1685
    },
    {
        "bookingid": 2477
    },
    {
        "bookingid": 4397
    },
    {
        "bookingid": 4270
    },
    {
        "bookingid": 2899
    },
    {
        "bookingid": 1430
    },
    {
        "bookingid": 2232
    },
    {
        "bookingid": 2893
    },
    {
        "bookingid": 3872
    },
    {
        "bookingid": 831
    },
    {
        "bookingid": 2514
    },
    {
        "bookingid": 3057
    },
    {
        "bookingid": 1643
    },
    {
        "bookingid": 1691
    },
    {
        "bookingid": 492
    },
    {
        "bookingid": 3521
    },
    {
        "bookingid": 3909
    },
    {
        "bookingid": 2057
    },
    {
        "bookingid": 1196
    },
    {
        "bookingid": 761
    },
    {
        "bookingid": 2693
    },
    {
        "bookingid": 2229
    },
    {
        "bookingid": 1586
    },
    {
        "bookingid": 4317
    },
    {
        "bookingid": 1880
    },
    {
        "bookingid": 461
    },
    {
        "bookingid": 3093
    },
    {
        "bookingid": 2786
    },
    {
        "bookingid": 2551
    },
    {
        "bookingid": 3676
    },
    {
        "bookingid": 2557
    },
    {
        "bookingid": 3114
    },
    {
        "bookingid": 4044
    },
    {
        "bookingid": 3579
    },
    {
        "bookingid": 2050
    },
    {
        "bookingid": 4290
    },
    {
        "bookingid": 2672
    },
    {
        "bookingid": 3660
    },
    {
        "bookingid": 2828
    },
    {
        "bookingid": 3505
    },
    {
        "bookingid": 3549
    },
    {
        "bookingid": 3738
    },
    {
        "bookingid": 4144
    },
    {
        "bookingid": 3337
    },
    {
        "bookingid": 3562
    },
    {
        "bookingid": 614
    },
    {
        "bookingid": 2583
    },
    {
        "bookingid": 2304
    },
    {
        "bookingid": 218
    },
    {
        "bookingid": 695
    },
    {
        "bookingid": 4152
    },
    {
        "bookingid": 1079
    },
    {
        "bookingid": 1852
    },
    {
        "bookingid": 1707
    },
    {
        "bookingid": 2150
    },
    {
        "bookingid": 2654
    },
    {
        "bookingid": 2782
    },
    {
        "bookingid": 1505
    },
    {
        "bookingid": 4185
    },
    {
        "bookingid": 3044
    },
    {
        "bookingid": 3185
    },
    {
        "bookingid": 2574
    },
    {
        "bookingid": 4476
    },
    {
        "bookingid": 632
    },
    {
        "bookingid": 1834
    },
    {
        "bookingid": 3379
    },
    {
        "bookingid": 2633
    },
    {
        "bookingid": 3439
    },
    {
        "bookingid": 1944
    },
    {
        "bookingid": 4507
    },
    {
        "bookingid": 2922
    },
    {
        "bookingid": 2802
    },
    {
        "bookingid": 3971
    },
    {
        "bookingid": 4
    },
    {
        "bookingid": 252
    },
    {
        "bookingid": 1697
    },
    {
        "bookingid": 4041
    },
    {
        "bookingid": 1192
    },
    {
        "bookingid": 3226
    },
    {
        "bookingid": 841
    },
    {
        "bookingid": 1187
    },
    {
        "bookingid": 4441
    },
    {
        "bookingid": 3191
    },
    {
        "bookingid": 2396
    },
    {
        "bookingid": 1222
    },
    {
        "bookingid": 224
    },
    {
        "bookingid": 3933
    },
    {
        "bookingid": 928
    },
    {
        "bookingid": 4328
    },
    {
        "bookingid": 3482
    },
    {
        "bookingid": 2389
    },
    {
        "bookingid": 1332
    },
    {
        "bookingid": 1267
    },
    {
        "bookingid": 3224
    },
    {
        "bookingid": 4189
    },
    {
        "bookingid": 326
    },
    {
        "bookingid": 4214
    },
    {
        "bookingid": 3491
    },
    {
        "bookingid": 3543
    },
    {
        "bookingid": 979
    },
    {
        "bookingid": 1511
    },
    {
        "bookingid": 3591
    },
    {
        "bookingid": 1315
    },
    {
        "bookingid": 4299
    },
    {
        "bookingid": 4025
    },
    {
        "bookingid": 4327
    },
    {
        "bookingid": 3671
    },
    {
        "bookingid": 1073
    },
    {
        "bookingid": 1262
    },
    {
        "bookingid": 194
    },
    {
        "bookingid": 1117
    },
    {
        "bookingid": 2361
    },
    {
        "bookingid": 1811
    },
    {
        "bookingid": 3483
    },
    {
        "bookingid": 3728
    },
    {
        "bookingid": 2142
    },
    {
        "bookingid": 3806
    },
    {
        "bookingid": 395
    },
    {
        "bookingid": 2664
    },
    {
        "bookingid": 3097
    },
    {
        "bookingid": 3211
    },
    {
        "bookingid": 422
    },
    {
        "bookingid": 2194
    },
    {
        "bookingid": 371
    },
    {
        "bookingid": 2908
    },
    {
        "bookingid": 2645
    },
    {
        "bookingid": 491
    },
    {
        "bookingid": 1285
    },
    {
        "bookingid": 1185
    },
    {
        "bookingid": 3567
    },
    {
        "bookingid": 4579
    },
    {
        "bookingid": 441
    },
    {
        "bookingid": 2319
    },
    {
        "bookingid": 496
    },
    {
        "bookingid": 3060
    },
    {
        "bookingid": 2099
    },
    {
        "bookingid": 3035
    },
    {
        "bookingid": 929
    },
    {
        "bookingid": 4359
    },
    {
        "bookingid": 303
    },
    {
        "bookingid": 3280
    },
    {
        "bookingid": 1436
    },
    {
        "bookingid": 1664
    },
    {
        "bookingid": 339
    },
    {
        "bookingid": 1093
    },
    {
        "bookingid": 3512
    },
    {
        "bookingid": 4569
    },
    {
        "bookingid": 455
    },
    {
        "bookingid": 1331
    },
    {
        "bookingid": 4016
    },
    {
        "bookingid": 4107
    },
    {
        "bookingid": 2282
    },
    {
        "bookingid": 428
    },
    {
        "bookingid": 2083
    },
    {
        "bookingid": 3086
    },
    {
        "bookingid": 22
    },
    {
        "bookingid": 3880
    },
    {
        "bookingid": 4118
    },
    {
        "bookingid": 2833
    },
    {
        "bookingid": 3445
    },
    {
        "bookingid": 2566
    },
    {
        "bookingid": 4221
    },
    {
        "bookingid": 2736
    },
    {
        "bookingid": 1537
    },
    {
        "bookingid": 4069
    },
    {
        "bookingid": 703
    },
    {
        "bookingid": 3207
    },
    {
        "bookingid": 304
    },
    {
        "bookingid": 1107
    },
    {
        "bookingid": 2246
    },
    {
        "bookingid": 1640
    },
    {
        "bookingid": 1261
    },
    {
        "bookingid": 1371
    },
    {
        "bookingid": 3259
    },
    {
        "bookingid": 3299
    },
    {
        "bookingid": 4320
    },
    {
        "bookingid": 1087
    },
    {
        "bookingid": 1948
    },
    {
        "bookingid": 338
    },
    {
        "bookingid": 828
    },
    {
        "bookingid": 4515
    },
    {
        "bookingid": 627
    },
    {
        "bookingid": 1200
    },
    {
        "bookingid": 892
    },
    {
        "bookingid": 2928
    },
    {
        "bookingid": 3788
    },
    {
        "bookingid": 955
    },
    {
        "bookingid": 5
    },
    {
        "bookingid": 1485
    },
    {
        "bookingid": 4122
    },
    {
        "bookingid": 2923
    },
    {
        "bookingid": 1563
    },
    {
        "bookingid": 2528
    },
    {
        "bookingid": 1559
    },
    {
        "bookingid": 3047
    },
    {
        "bookingid": 1929
    },
    {
        "bookingid": 3993
    },
    {
        "bookingid": 1493
    },
    {
        "bookingid": 2831
    },
    {
        "bookingid": 4061
    },
    {
        "bookingid": 1679
    },
    {
        "bookingid": 3515
    },
    {
        "bookingid": 3936
    },
    {
        "bookingid": 2711
    },
    {
        "bookingid": 744
    },
    {
        "bookingid": 1658
    },
    {
        "bookingid": 3361
    },
    {
        "bookingid": 2015
    },
    {
        "bookingid": 3256
    },
    {
        "bookingid": 419
    },
    {
        "bookingid": 4389
    },
    {
        "bookingid": 826
    },
    {
        "bookingid": 1576
    },
    {
        "bookingid": 2502
    },
    {
        "bookingid": 3523
    },
    {
        "bookingid": 2382
    },
    {
        "bookingid": 68
    },
    {
        "bookingid": 1646
    },
    {
        "bookingid": 4573
    },
    {
        "bookingid": 82
    },
    {
        "bookingid": 4135
    },
    {
        "bookingid": 2742
    },
    {
        "bookingid": 2415
    },
    {
        "bookingid": 3855
    },
    {
        "bookingid": 458
    },
    {
        "bookingid": 305
    },
    {
        "bookingid": 1071
    },
    {
        "bookingid": 1164
    },
    {
        "bookingid": 3602
    },
    {
        "bookingid": 2657
    },
    {
        "bookingid": 2925
    },
    {
        "bookingid": 396
    },
    {
        "bookingid": 3390
    },
    {
        "bookingid": 1255
    },
    {
        "bookingid": 729
    },
    {
        "bookingid": 250
    },
    {
        "bookingid": 2084
    },
    {
        "bookingid": 4074
    },
    {
        "bookingid": 3608
    },
    {
        "bookingid": 1317
    },
    {
        "bookingid": 3355
    },
    {
        "bookingid": 967
    },
    {
        "bookingid": 2143
    },
    {
        "bookingid": 3800
    },
    {
        "bookingid": 4224
    },
    {
        "bookingid": 2747
    },
    {
        "bookingid": 3025
    },
    {
        "bookingid": 2121
    },
    {
        "bookingid": 2438
    },
    {
        "bookingid": 3233
    },
    {
        "bookingid": 1533
    },
    {
        "bookingid": 1963
    },
    {
        "bookingid": 7
    },
    {
        "bookingid": 931
    },
    {
        "bookingid": 1733
    },
    {
        "bookingid": 324
    },
    {
        "bookingid": 3679
    },
    {
        "bookingid": 963
    },
    {
        "bookingid": 3296
    },
    {
        "bookingid": 4336
    },
    {
        "bookingid": 3282
    },
    {
        "bookingid": 3842
    },
    {
        "bookingid": 188
    },
    {
        "bookingid": 3490
    },
    {
        "bookingid": 2378
    },
    {
        "bookingid": 615
    },
    {
        "bookingid": 3682
    },
    {
        "bookingid": 1440
    },
    {
        "bookingid": 3484
    },
    {
        "bookingid": 660
    },
    {
        "bookingid": 1168
    },
    {
        "bookingid": 3838
    },
    {
        "bookingid": 2028
    },
    {
        "bookingid": 3819
    },
    {
        "bookingid": 1005
    },
    {
        "bookingid": 2701
    },
    {
        "bookingid": 2612
    },
    {
        "bookingid": 4466
    },
    {
        "bookingid": 1134
    },
    {
        "bookingid": 658
    },
    {
        "bookingid": 3219
    },
    {
        "bookingid": 3034
    },
    {
        "bookingid": 1245
    },
    {
        "bookingid": 710
    },
    {
        "bookingid": 4156
    },
    {
        "bookingid": 2620
    },
    {
        "bookingid": 15
    },
    {
        "bookingid": 3223
    },
    {
        "bookingid": 3829
    },
    {
        "bookingid": 512
    },
    {
        "bookingid": 561
    },
    {
        "bookingid": 3031
    },
    {
        "bookingid": 1386
    },
    {
        "bookingid": 708
    },
    {
        "bookingid": 793
    },
    {
        "bookingid": 2427
    },
    {
        "bookingid": 3958
    },
    {
        "bookingid": 2766
    },
    {
        "bookingid": 4083
    },
    {
        "bookingid": 3346
    },
    {
        "bookingid": 1728
    },
    {
        "bookingid": 1495
    },
    {
        "bookingid": 1551
    },
    {
        "bookingid": 4558
    },
    {
        "bookingid": 4430
    },
    {
        "bookingid": 3082
    },
    {
        "bookingid": 3009
    },
    {
        "bookingid": 1954
    },
    {
        "bookingid": 1667
    },
    {
        "bookingid": 3218
    },
    {
        "bookingid": 3011
    },
    {
        "bookingid": 854
    },
    {
        "bookingid": 809
    },
    {
        "bookingid": 2806
    },
    {
        "bookingid": 3870
    },
    {
        "bookingid": 585
    },
    {
        "bookingid": 2512
    },
    {
        "bookingid": 750
    },
    {
        "bookingid": 1268
    },
    {
        "bookingid": 1048
    },
    {
        "bookingid": 2799
    },
    {
        "bookingid": 539
    },
    {
        "bookingid": 870
    },
    {
        "bookingid": 127
    },
    {
        "bookingid": 1445
    },
    {
        "bookingid": 1983
    },
    {
        "bookingid": 1523
    },
    {
        "bookingid": 4257
    },
    {
        "bookingid": 2762
    },
    {
        "bookingid": 2089
    },
    {
        "bookingid": 686
    },
    {
        "bookingid": 3353
    },
    {
        "bookingid": 721
    },
    {
        "bookingid": 3934
    },
    {
        "bookingid": 2631
    },
    {
        "bookingid": 1506
    },
    {
        "bookingid": 1454
    },
    {
        "bookingid": 554
    },
    {
        "bookingid": 1904
    },
    {
        "bookingid": 2335
    },
    {
        "bookingid": 2861
    },
    {
        "bookingid": 1750
    },
    {
        "bookingid": 92
    },
    {
        "bookingid": 590
    },
    {
        "bookingid": 4286
    },
    {
        "bookingid": 1207
    },
    {
        "bookingid": 1724
    },
    {
        "bookingid": 3162
    },
    {
        "bookingid": 1835
    },
    {
        "bookingid": 2124
    },
    {
        "bookingid": 2387
    },
    {
        "bookingid": 1409
    },
    {
        "bookingid": 4553
    },
    {
        "bookingid": 3994
    },
    {
        "bookingid": 3471
    },
    {
        "bookingid": 4273
    },
    {
        "bookingid": 4281
    },
    {
        "bookingid": 4387
    },
    {
        "bookingid": 1399
    },
    {
        "bookingid": 1150
    },
    {
        "bookingid": 2872
    },
    {
        "bookingid": 2639
    },
    {
        "bookingid": 4449
    },
    {
        "bookingid": 506
    },
    {
        "bookingid": 3002
    },
    {
        "bookingid": 4511
    },
    {
        "bookingid": 249
    },
    {
        "bookingid": 118
    },
    {
        "bookingid": 3006
    },
    {
        "bookingid": 1572
    },
    {
        "bookingid": 867
    },
    {
        "bookingid": 2474
    },
    {
        "bookingid": 1623
    },
    {
        "bookingid": 3139
    },
    {
        "bookingid": 1461
    },
    {
        "bookingid": 1714
    },
    {
        "bookingid": 776
    },
    {
        "bookingid": 4266
    },
    {
        "bookingid": 2213
    },
    {
        "bookingid": 4141
    },
    {
        "bookingid": 2236
    },
    {
        "bookingid": 473
    },
    {
        "bookingid": 2931
    },
    {
        "bookingid": 884
    },
    {
        "bookingid": 3251
    },
    {
        "bookingid": 1025
    },
    {
        "bookingid": 3749
    },
    {
        "bookingid": 1727
    },
    {
        "bookingid": 2287
    },
    {
        "bookingid": 3099
    },
    {
        "bookingid": 4256
    },
    {
        "bookingid": 2322
    },
    {
        "bookingid": 2709
    },
    {
        "bookingid": 3461
    },
    {
        "bookingid": 4008
    },
    {
        "bookingid": 2732
    },
    {
        "bookingid": 1084
    },
    {
        "bookingid": 3298
    },
    {
        "bookingid": 3148
    },
    {
        "bookingid": 2945
    },
    {
        "bookingid": 209
    },
    {
        "bookingid": 1000
    },
    {
        "bookingid": 1548
    },
    {
        "bookingid": 1056
    },
    {
        "bookingid": 1041
    },
    {
        "bookingid": 2873
    },
    {
        "bookingid": 864
    },
    {
        "bookingid": 2613
    },
    {
        "bookingid": 1803
    },
    {
        "bookingid": 518
    },
    {
        "bookingid": 4561
    },
    {
        "bookingid": 3245
    },
    {
        "bookingid": 631
    },
    {
        "bookingid": 1710
    },
    {
        "bookingid": 2666
    },
    {
        "bookingid": 1596
    },
    {
        "bookingid": 1912
    },
    {
        "bookingid": 1338
    },
    {
        "bookingid": 3413
    },
    {
        "bookingid": 23
    },
    {
        "bookingid": 3673
    },
    {
        "bookingid": 236
    },
    {
        "bookingid": 2317
    },
    {
        "bookingid": 3878
    },
    {
        "bookingid": 2231
    },
    {
        "bookingid": 4004
    },
    {
        "bookingid": 1520
    },
    {
        "bookingid": 383
    },
    {
        "bookingid": 2117
    },
    {
        "bookingid": 2760
    },
    {
        "bookingid": 2127
    },
    {
        "bookingid": 4533
    },
    {
        "bookingid": 3992
    },
    {
        "bookingid": 4259
    },
    {
        "bookingid": 4472
    },
    {
        "bookingid": 125
    },
    {
        "bookingid": 1381
    },
    {
        "bookingid": 3554
    },
    {
        "bookingid": 1418
    },
    {
        "bookingid": 858
    },
    {
        "bookingid": 960
    },
    {
        "bookingid": 3494
    },
    {
        "bookingid": 3962
    },
    {
        "bookingid": 3828
    },
    {
        "bookingid": 489
    },
    {
        "bookingid": 913
    },
    {
        "bookingid": 2466
    },
    {
        "bookingid": 2781
    },
    {
        "bookingid": 924
    },
    {
        "bookingid": 1780
    },
    {
        "bookingid": 1770
    },
    {
        "bookingid": 587
    },
    {
        "bookingid": 3266
    },
    {
        "bookingid": 2023
    },
    {
        "bookingid": 4275
    },
    {
        "bookingid": 4496
    },
    {
        "bookingid": 3347
    },
    {
        "bookingid": 4169
    },
    {
        "bookingid": 1530
    },
    {
        "bookingid": 2165
    },
    {
        "bookingid": 4176
    },
    {
        "bookingid": 3832
    },
    {
        "bookingid": 2433
    },
    {
        "bookingid": 4379
    },
    {
        "bookingid": 2081
    },
    {
        "bookingid": 2270
    },
    {
        "bookingid": 3556
    },
    {
        "bookingid": 161
    },
    {
        "bookingid": 403
    },
    {
        "bookingid": 4211
    },
    {
        "bookingid": 2051
    },
    {
        "bookingid": 2067
    },
    {
        "bookingid": 3108
    },
    {
        "bookingid": 2192
    },
    {
        "bookingid": 782
    },
    {
        "bookingid": 497
    },
    {
        "bookingid": 3984
    },
    {
        "bookingid": 862
    },
    {
        "bookingid": 1301
    },
    {
        "bookingid": 2450
    },
    {
        "bookingid": 3560
    },
    {
        "bookingid": 2180
    },
    {
        "bookingid": 3631
    },
    {
        "bookingid": 397
    },
    {
        "bookingid": 3400
    },
    {
        "bookingid": 2115
    },
    {
        "bookingid": 597
    },
    {
        "bookingid": 3294
    },
    {
        "bookingid": 3434
    },
    {
        "bookingid": 2441
    },
    {
        "bookingid": 3090
    },
    {
        "bookingid": 432
    },
    {
        "bookingid": 1213
    },
    {
        "bookingid": 2498
    },
    {
        "bookingid": 1078
    },
    {
        "bookingid": 4366
    },
    {
        "bookingid": 2915
    },
    {
        "bookingid": 1339
    },
    {
        "bookingid": 2305
    },
    {
        "bookingid": 786
    },
    {
        "bookingid": 2543
    },
    {
        "bookingid": 2810
    },
    {
        "bookingid": 1534
    },
    {
        "bookingid": 3913
    },
    {
        "bookingid": 230
    },
    {
        "bookingid": 3132
    },
    {
        "bookingid": 876
    },
    {
        "bookingid": 1040
    },
    {
        "bookingid": 2034
    },
    {
        "bookingid": 1252
    },
    {
        "bookingid": 1940
    },
    {
        "bookingid": 309
    },
    {
        "bookingid": 452
    },
    {
        "bookingid": 3908
    },
    {
        "bookingid": 172
    },
    {
        "bookingid": 1008
    },
    {
        "bookingid": 4480
    },
    {
        "bookingid": 137
    },
    {
        "bookingid": 4350
    },
    {
        "bookingid": 840
    },
    {
        "bookingid": 4115
    },
    {
        "bookingid": 2525
    },
    {
        "bookingid": 1652
    },
    {
        "bookingid": 1626
    },
    {
        "bookingid": 4200
    },
    {
        "bookingid": 619
    },
    {
        "bookingid": 1202
    },
    {
        "bookingid": 2400
    },
    {
        "bookingid": 232
    },
    {
        "bookingid": 3118
    },
    {
        "bookingid": 3916
    },
    {
        "bookingid": 3350
    },
    {
        "bookingid": 4323
    },
    {
        "bookingid": 1570
    },
    {
        "bookingid": 3160
    },
    {
        "bookingid": 3574
    },
    {
        "bookingid": 2533
    },
    {
        "bookingid": 1819
    },
    {
        "bookingid": 2640
    },
    {
        "bookingid": 824
    },
    {
        "bookingid": 1893
    },
    {
        "bookingid": 2421
    },
    {
        "bookingid": 2990
    },
    {
        "bookingid": 1181
    },
    {
        "bookingid": 189
    },
    {
        "bookingid": 2675
    },
    {
        "bookingid": 3084
    },
    {
        "bookingid": 4071
    },
    {
        "bookingid": 990
    },
    {
        "bookingid": 3986
    },
    {
        "bookingid": 3504
    },
    {
        "bookingid": 4031
    },
    {
        "bookingid": 2895
    },
    {
        "bookingid": 983
    },
    {
        "bookingid": 322
    },
    {
        "bookingid": 89
    },
    {
        "bookingid": 4134
    },
    {
        "bookingid": 2841
    },
    {
        "bookingid": 3202
    },
    {
        "bookingid": 2722
    },
    {
        "bookingid": 2277
    },
    {
        "bookingid": 4063
    },
    {
        "bookingid": 210
    },
    {
        "bookingid": 1613
    },
    {
        "bookingid": 3169
    },
    {
        "bookingid": 4001
    },
    {
        "bookingid": 391
    },
    {
        "bookingid": 4521
    },
    {
        "bookingid": 2315
    },
    {
        "bookingid": 3315
    },
    {
        "bookingid": 4203
    },
    {
        "bookingid": 1227
    },
    {
        "bookingid": 4013
    },
    {
        "bookingid": 200
    },
    {
        "bookingid": 709
    },
    {
        "bookingid": 2866
    },
    {
        "bookingid": 90
    },
    {
        "bookingid": 1518
    },
    {
        "bookingid": 1787
    },
    {
        "bookingid": 1744
    },
    {
        "bookingid": 2798
    },
    {
        "bookingid": 3056
    },
    {
        "bookingid": 1810
    },
    {
        "bookingid": 514
    },
    {
        "bookingid": 2720
    },
    {
        "bookingid": 1909
    },
    {
        "bookingid": 1343
    },
    {
        "bookingid": 531
    },
    {
        "bookingid": 2564
    },
    {
        "bookingid": 2228
    },
    {
        "bookingid": 1704
    },
    {
        "bookingid": 1839
    },
    {
        "bookingid": 3305
    },
    {
        "bookingid": 3736
    },
    {
        "bookingid": 940
    },
    {
        "bookingid": 2365
    },
    {
        "bookingid": 2999
    },
    {
        "bookingid": 909
    },
    {
        "bookingid": 3939
    },
    {
        "bookingid": 4195
    },
    {
        "bookingid": 3431
    },
    {
        "bookingid": 1918
    },
    {
        "bookingid": 4501
    },
    {
        "bookingid": 1730
    },
    {
        "bookingid": 1525
    },
    {
        "bookingid": 3214
    },
    {
        "bookingid": 3046
    },
    {
        "bookingid": 1840
    },
    {
        "bookingid": 4128
    },
    {
        "bookingid": 4577
    },
    {
        "bookingid": 3812
    },
    {
        "bookingid": 3593
    },
    {
        "bookingid": 3948
    },
    {
        "bookingid": 1303
    },
    {
        "bookingid": 3871
    },
    {
        "bookingid": 811
    },
    {
        "bookingid": 296
    },
    {
        "bookingid": 753
    },
    {
        "bookingid": 2936
    },
    {
        "bookingid": 573
    },
    {
        "bookingid": 1307
    },
    {
        "bookingid": 1742
    },
    {
        "bookingid": 45
    },
    {
        "bookingid": 4078
    },
    {
        "bookingid": 2586
    },
    {
        "bookingid": 2755
    },
    {
        "bookingid": 2869
    },
    {
        "bookingid": 2286
    },
    {
        "bookingid": 1826
    },
    {
        "bookingid": 1575
    },
    {
        "bookingid": 2311
    },
    {
        "bookingid": 1892
    },
    {
        "bookingid": 2148
    },
    {
        "bookingid": 1042
    },
    {
        "bookingid": 2575
    },
    {
        "bookingid": 1278
    },
    {
        "bookingid": 1604
    },
    {
        "bookingid": 1686
    },
    {
        "bookingid": 355
    },
    {
        "bookingid": 346
    },
    {
        "bookingid": 2824
    },
    {
        "bookingid": 1113
    },
    {
        "bookingid": 1653
    },
    {
        "bookingid": 2177
    },
    {
        "bookingid": 1735
    },
    {
        "bookingid": 1239
    },
    {
        "bookingid": 3816
    },
    {
        "bookingid": 1764
    },
    {
        "bookingid": 3163
    },
    {
        "bookingid": 1584
    },
    {
        "bookingid": 450
    },
    {
        "bookingid": 2712
    },
    {
        "bookingid": 2542
    },
    {
        "bookingid": 14
    },
    {
        "bookingid": 3782
    },
    {
        "bookingid": 2336
    },
    {
        "bookingid": 946
    },
    {
        "bookingid": 2199
    },
    {
        "bookingid": 2825
    },
    {
        "bookingid": 1072
    },
    {
        "bookingid": 1961
    },
    {
        "bookingid": 462
    },
    {
        "bookingid": 1382
    },
    {
        "bookingid": 1984
    },
    {
        "bookingid": 4274
    },
    {
        "bookingid": 287
    },
    {
        "bookingid": 4355
    },
    {
        "bookingid": 2744
    },
    {
        "bookingid": 1637
    },
    {
        "bookingid": 2823
    },
    {
        "bookingid": 4029
    },
    {
        "bookingid": 148
    },
    {
        "bookingid": 978
    },
    {
        "bookingid": 1769
    },
    {
        "bookingid": 921
    },
    {
        "bookingid": 3206
    },
    {
        "bookingid": 3696
    },
    {
        "bookingid": 2072
    },
    {
        "bookingid": 1162
    },
    {
        "bookingid": 3739
    },
    {
        "bookingid": 3542
    },
    {
        "bookingid": 3964
    },
    {
        "bookingid": 2669
    },
    {
        "bookingid": 3965
    },
    {
        "bookingid": 2765
    },
    {
        "bookingid": 648
    },
    {
        "bookingid": 3767
    },
    {
        "bookingid": 2930
    },
    {
        "bookingid": 54
    },
    {
        "bookingid": 739
    },
    {
        "bookingid": 1749
    },
    {
        "bookingid": 3107
    },
    {
        "bookingid": 1823
    },
    {
        "bookingid": 2673
    },
    {
        "bookingid": 4243
    },
    {
        "bookingid": 2560
    },
    {
        "bookingid": 2638
    },
    {
        "bookingid": 792
    },
    {
        "bookingid": 1404
    },
    {
        "bookingid": 2147
    },
    {
        "bookingid": 2946
    },
    {
        "bookingid": 2767
    },
    {
        "bookingid": 2878
    },
    {
        "bookingid": 3463
    },
    {
        "bookingid": 4265
    },
    {
        "bookingid": 3901
    },
    {
        "bookingid": 2444
    },
    {
        "bookingid": 2118
    },
    {
        "bookingid": 1384
    },
    {
        "bookingid": 592
    },
    {
        "bookingid": 3849
    },
    {
        "bookingid": 4050
    },
    {
        "bookingid": 4268
    },
    {
        "bookingid": 2582
    },
    {
        "bookingid": 4291
    },
    {
        "bookingid": 2053
    },
    {
        "bookingid": 1387
    },
    {
        "bookingid": 4563
    },
    {
        "bookingid": 4198
    },
    {
        "bookingid": 2772
    },
    {
        "bookingid": 4059
    },
    {
        "bookingid": 4180
    },
    {
        "bookingid": 718
    },
    {
        "bookingid": 3737
    },
    {
        "bookingid": 4089
    },
    {
        "bookingid": 1236
    },
    {
        "bookingid": 3858
    },
    {
        "bookingid": 3039
    },
    {
        "bookingid": 4321
    },
    {
        "bookingid": 2283
    },
    {
        "bookingid": 2394
    },
    {
        "bookingid": 1689
    },
    {
        "bookingid": 1877
    },
    {
        "bookingid": 877
    },
    {
        "bookingid": 163
    },
    {
        "bookingid": 77
    },
    {
        "bookingid": 702
    },
    {
        "bookingid": 1967
    },
    {
        "bookingid": 3837
    },
    {
        "bookingid": 3312
    },
    {
        "bookingid": 2463
    },
    {
        "bookingid": 3281
    },
    {
        "bookingid": 1560
    },
    {
        "bookingid": 1751
    },
    {
        "bookingid": 2886
    },
    {
        "bookingid": 3456
    },
    {
        "bookingid": 525
    },
    {
        "bookingid": 1757
    },
    {
        "bookingid": 4483
    },
    {
        "bookingid": 471
    },
    {
        "bookingid": 208
    },
    {
        "bookingid": 3534
    },
    {
        "bookingid": 2045
    },
    {
        "bookingid": 486
    },
    {
        "bookingid": 3770
    },
    {
        "bookingid": 3249
    },
    {
        "bookingid": 3344
    },
    {
        "bookingid": 3243
    },
    {
        "bookingid": 373
    },
    {
        "bookingid": 1033
    },
    {
        "bookingid": 2629
    },
    {
        "bookingid": 2726
    },
    {
        "bookingid": 2193
    },
    {
        "bookingid": 2821
    },
    {
        "bookingid": 2112
    },
    {
        "bookingid": 2092
    },
    {
        "bookingid": 3827
    },
    {
        "bookingid": 3822
    },
    {
        "bookingid": 2033
    },
    {
        "bookingid": 2532
    },
    {
        "bookingid": 390
    },
    {
        "bookingid": 205
    },
    {
        "bookingid": 3278
    },
    {
        "bookingid": 1324
    },
    {
        "bookingid": 3937
    },
    {
        "bookingid": 2619
    },
    {
        "bookingid": 1527
    },
    {
        "bookingid": 2715
    },
    {
        "bookingid": 4234
    },
    {
        "bookingid": 1374
    },
    {
        "bookingid": 2793
    },
    {
        "bookingid": 1309
    },
    {
        "bookingid": 3540
    },
    {
        "bookingid": 1378
    },
    {
        "bookingid": 1099
    },
    {
        "bookingid": 1251
    },
    {
        "bookingid": 3686
    },
    {
        "bookingid": 4349
    },
    {
        "bookingid": 2077
    },
    {
        "bookingid": 2520
    },
    {
        "bookingid": 2773
    },
    {
        "bookingid": 4514
    },
    {
        "bookingid": 4168
    },
    {
        "bookingid": 3509
    },
    {
        "bookingid": 1321
    },
    {
        "bookingid": 980
    },
    {
        "bookingid": 3987
    },
    {
        "bookingid": 2507
    },
    {
        "bookingid": 2097
    },
    {
        "bookingid": 456
    },
    {
        "bookingid": 1568
    },
    {
        "bookingid": 1890
    },
    {
        "bookingid": 1989
    },
    {
        "bookingid": 254
    },
    {
        "bookingid": 431
    },
    {
        "bookingid": 3151
    },
    {
        "bookingid": 657
    },
    {
        "bookingid": 3585
    },
    {
        "bookingid": 238
    },
    {
        "bookingid": 3397
    },
    {
        "bookingid": 142
    },
    {
        "bookingid": 720
    },
    {
        "bookingid": 4562
    },
    {
        "bookingid": 3787
    },
    {
        "bookingid": 3156
    },
    {
        "bookingid": 570
    },
    {
        "bookingid": 4104
    },
    {
        "bookingid": 2565
    },
    {
        "bookingid": 3469
    },
    {
        "bookingid": 969
    },
    {
        "bookingid": 1420
    },
    {
        "bookingid": 621
    },
    {
        "bookingid": 777
    },
    {
        "bookingid": 3370
    },
    {
        "bookingid": 2397
    },
    {
        "bookingid": 3128
    },
    {
        "bookingid": 3184
    },
    {
        "bookingid": 3724
    },
    {
        "bookingid": 3704
    },
    {
        "bookingid": 997
    },
    {
        "bookingid": 766
    },
    {
        "bookingid": 3626
    },
    {
        "bookingid": 3377
    },
    {
        "bookingid": 732
    },
    {
        "bookingid": 4106
    },
    {
        "bookingid": 4136
    },
    {
        "bookingid": 2367
    },
    {
        "bookingid": 1065
    },
    {
        "bookingid": 607
    },
    {
        "bookingid": 4487
    },
    {
        "bookingid": 1939
    },
    {
        "bookingid": 1235
    },
    {
        "bookingid": 2004
    },
    {
        "bookingid": 1853
    },
    {
        "bookingid": 3286
    },
    {
        "bookingid": 4333
    },
    {
        "bookingid": 2516
    },
    {
        "bookingid": 2700
    },
    {
        "bookingid": 4065
    },
    {
        "bookingid": 2316
    },
    {
        "bookingid": 4442
    },
    {
        "bookingid": 3898
    },
    {
        "bookingid": 1824
    },
    {
        "bookingid": 673
    },
    {
        "bookingid": 2839
    },
    {
        "bookingid": 986
    },
    {
        "bookingid": 982
    },
    {
        "bookingid": 3386
    },
    {
        "bookingid": 4491
    },
    {
        "bookingid": 3520
    },
    {
        "bookingid": 1741
    },
    {
        "bookingid": 2351
    },
    {
        "bookingid": 693
    },
    {
        "bookingid": 3614
    },
    {
        "bookingid": 280
    },
    {
        "bookingid": 330
    },
    {
        "bookingid": 81
    },
    {
        "bookingid": 2844
    },
    {
        "bookingid": 67
    },
    {
        "bookingid": 1147
    },
    {
        "bookingid": 1122
    },
    {
        "bookingid": 2871
    },
    {
        "bookingid": 2182
    },
    {
        "bookingid": 1238
    },
    {
        "bookingid": 2291
    },
    {
        "bookingid": 1169
    },
    {
        "bookingid": 2409
    },
    {
        "bookingid": 3498
    },
    {
        "bookingid": 263
    },
    {
        "bookingid": 727
    },
    {
        "bookingid": 914
    },
    {
        "bookingid": 2832
    },
    {
        "bookingid": 939
    },
    {
        "bookingid": 3261
    },
    {
        "bookingid": 459
    },
    {
        "bookingid": 1363
    },
    {
        "bookingid": 593
    },
    {
        "bookingid": 2416
    },
    {
        "bookingid": 3409
    },
    {
        "bookingid": 3527
    },
    {
        "bookingid": 1911
    },
    {
        "bookingid": 1129
    },
    {
        "bookingid": 517
    },
    {
        "bookingid": 149
    },
    {
        "bookingid": 2260
    },
    {
        "bookingid": 1620
    },
    {
        "bookingid": 2906
    },
    {
        "bookingid": 2687
    },
    {
        "bookingid": 2321
    },
    {
        "bookingid": 1778
    },
    {
        "bookingid": 381
    },
    {
        "bookingid": 2734
    },
    {
        "bookingid": 3533
    },
    {
        "bookingid": 2662
    },
    {
        "bookingid": 51
    },
    {
        "bookingid": 3024
    },
    {
        "bookingid": 733
    },
    {
        "bookingid": 3343
    },
    {
        "bookingid": 2405
    },
    {
        "bookingid": 4143
    },
    {
        "bookingid": 1344
    },
    {
        "bookingid": 1230
    },
    {
        "bookingid": 1841
    },
    {
        "bookingid": 3061
    },
    {
        "bookingid": 1899
    },
    {
        "bookingid": 3508
    },
    {
        "bookingid": 1312
    },
    {
        "bookingid": 1524
    },
    {
        "bookingid": 834
    },
    {
        "bookingid": 343
    },
    {
        "bookingid": 3065
    },
    {
        "bookingid": 4158
    },
    {
        "bookingid": 4338
    },
    {
        "bookingid": 1774
    },
    {
        "bookingid": 2265
    },
    {
        "bookingid": 1216
    },
    {
        "bookingid": 117
    },
    {
        "bookingid": 1806
    },
    {
        "bookingid": 3425
    },
    {
        "bookingid": 2278
    },
    {
        "bookingid": 3893
    },
    {
        "bookingid": 1557
    },
    {
        "bookingid": 1142
    },
    {
        "bookingid": 1998
    },
    {
        "bookingid": 1758
    },
    {
        "bookingid": 65
    },
    {
        "bookingid": 1619
    },
    {
        "bookingid": 2479
    },
    {
        "bookingid": 666
    },
    {
        "bookingid": 1552
    },
    {
        "bookingid": 3244
    },
    {
        "bookingid": 1496
    },
    {
        "bookingid": 611
    },
    {
        "bookingid": 2136
    },
    {
        "bookingid": 3089
    },
    {
        "bookingid": 1013
    },
    {
        "bookingid": 971
    },
    {
        "bookingid": 714
    },
    {
        "bookingid": 3103
    },
    {
        "bookingid": 2109
    },
    {
        "bookingid": 2103
    },
    {
        "bookingid": 4527
    },
    {
        "bookingid": 177
    },
    {
        "bookingid": 847
    },
    {
        "bookingid": 3947
    },
    {
        "bookingid": 2953
    },
    {
        "bookingid": 53
    },
    {
        "bookingid": 1085
    },
    {
        "bookingid": 3555
    },
    {
        "bookingid": 3599
    },
    {
        "bookingid": 1483
    },
    {
        "bookingid": 1846
    },
    {
        "bookingid": 4239
    },
    {
        "bookingid": 3707
    },
    {
        "bookingid": 2877
    },
    {
        "bookingid": 375
    },
    {
        "bookingid": 4448
    },
    {
        "bookingid": 1545
    },
    {
        "bookingid": 1708
    },
    {
        "bookingid": 1405
    },
    {
        "bookingid": 3701
    },
    {
        "bookingid": 1740
    },
    {
        "bookingid": 3820
    },
    {
        "bookingid": 565
    },
    {
        "bookingid": 3850
    },
    {
        "bookingid": 759
    },
    {
        "bookingid": 509
    },
    {
        "bookingid": 3478
    },
    {
        "bookingid": 2024
    },
    {
        "bookingid": 1801
    },
    {
        "bookingid": 2976
    },
    {
        "bookingid": 2356
    },
    {
        "bookingid": 2386
    },
    {
        "bookingid": 600
    },
    {
        "bookingid": 2424
    },
    {
        "bookingid": 3307
    },
    {
        "bookingid": 4450
    },
    {
        "bookingid": 3190
    },
    {
        "bookingid": 3427
    },
    {
        "bookingid": 3748
    },
    {
        "bookingid": 3926
    },
    {
        "bookingid": 3257
    },
    {
        "bookingid": 1058
    },
    {
        "bookingid": 94
    },
    {
        "bookingid": 4278
    },
    {
        "bookingid": 4308
    },
    {
        "bookingid": 3411
    },
    {
        "bookingid": 953
    },
    {
        "bookingid": 3368
    },
    {
        "bookingid": 3003
    },
    {
        "bookingid": 3622
    },
    {
        "bookingid": 1800
    },
    {
        "bookingid": 1829
    },
    {
        "bookingid": 1186
    },
    {
        "bookingid": 3487
    },
    {
        "bookingid": 3771
    },
    {
        "bookingid": 3192
    },
    {
        "bookingid": 1421
    },
    {
        "bookingid": 3524
    },
    {
        "bookingid": 3578
    },
    {
        "bookingid": 2163
    },
    {
        "bookingid": 3922
    },
    {
        "bookingid": 4092
    },
    {
        "bookingid": 2814
    },
    {
        "bookingid": 440
    },
    {
        "bookingid": 3859
    },
    {
        "bookingid": 2243
    },
    {
        "bookingid": 1172
    },
    {
        "bookingid": 2138
    },
    {
        "bookingid": 1434
    },
    {
[...]
    },
    {
        "bookingid": 3092
    },
    {
        "bookingid": 2454
    },
    {
        "bookingid": 334
    },
    {
        "bookingid": 39
    },
    {
        "bookingid": 4470
    },
    {
        "bookingid": 588
    },
    {
        "bookingid": 2064
    },
    {
        "bookingid": 644
    },
    {
        "bookingid": 3177
    },
    {
        "bookingid": 2967
    },
    {
        "bookingid": 4162
    },
    {
        "bookingid": 179
    },
    {
        "bookingid": 1988
    },
    {
        "bookingid": 1629
    },
    {
        "bookingid": 2972
    },
    {
        "bookingid": 1632
    },
    {
        "bookingid": 2774
    },
    {
        "bookingid": 1731
    },
    {
        "bookingid": 1295
    },
    {
        "bookingid": 779
    },
    {
        "bookingid": 4334
    },
    {
        "bookingid": 4035
    },
    {
        "bookingid": 1786
    },
    {
        "bookingid": 1347
    },
    {
        "bookingid": 3005
    },
    {
        "bookingid": 2068
    },
    {
        "bookingid": 1842
    },
    {
        "bookingid": 3111
    },
    {
        "bookingid": 2979
    },
    {
        "bookingid": 2685
    },
    {
        "bookingid": 2637
    },
    {
        "bookingid": 579
    },
    {
        "bookingid": 3616
    },
    {
        "bookingid": 2013
    },
    {
        "bookingid": 3372
    },
    {
        "bookingid": 1109
    },
    {
        "bookingid": 3496
    },
    {
        "bookingid": 4037
    },
    {
        "bookingid": 1578
    },
    {
        "bookingid": 3613
    },
    {
        "bookingid": 2058
    },
    {
        "bookingid": 3887
    },
    {
        "bookingid": 768
    },
    {
        "bookingid": 2352
    },
    {
        "bookingid": 2374
    },
    {
        "bookingid": 796
    },
    {
        "bookingid": 4591
    },
    {
        "bookingid": 1460
    },
    {
        "bookingid": 26
    },
    {
        "bookingid": 392
    },
    {
        "bookingid": 325
    },
    {
        "bookingid": 2725
    },
    {
        "bookingid": 3231
    },
    {
        "bookingid": 1464
    },
    {
        "bookingid": 1593
    },
    {
        "bookingid": 217
    },
    {
        "bookingid": 48
    },
    {
        "bookingid": 1630
    },
    {
        "bookingid": 741
    },
    {
        "bookingid": 368
    },
    {
        "bookingid": 885
    },
    {
        "bookingid": 300
    },
    {
        "bookingid": 3362
    },
    {
        "bookingid": 4049
    },
    {
        "bookingid": 2010
    },
    {
        "bookingid": 1862
    },
    {
        "bookingid": 3075
    },
    {
        "bookingid": 2499
    },
    {
        "bookingid": 2537
    },
    {
        "bookingid": 552
    },
    {
        "bookingid": 2363
    },
    {
        "bookingid": 3078
    },
    {
        "bookingid": 449
    },
    {
        "bookingid": 3983
    },
    {
        "bookingid": 290
    },
    {
        "bookingid": 4534
    },
    {
        "bookingid": 3535
    },
    {
        "bookingid": 780
    },
    {
        "bookingid": 891
    },
    {
        "bookingid": 4316
    },
    {
        "bookingid": 1076
    },
    {
        "bookingid": 1081
    },
    {
        "bookingid": 3213
    },
    {
        "bookingid": 3640
    },
    {
        "bookingid": 553
    },
    {
        "bookingid": 3568
    },
    {
        "bookingid": 4519
    },
    {
        "bookingid": 1503
    },
    {
        "bookingid": 4174
    },
    {
        "bookingid": 4401
    },
    {
        "bookingid": 4032
    },
    {
        "bookingid": 3385
    },
    {
        "bookingid": 1337
    },
    {
        "bookingid": 601
    },
    {
        "bookingid": 1402
    },
    {
        "bookingid": 878
    },
    {
        "bookingid": 1036
    },
    {
        "bookingid": 1935
    },
    {
        "bookingid": 2469
    },
    {
        "bookingid": 3062
    },
    {
        "bookingid": 1197
    },
    {
        "bookingid": 1992
    },
    {
        "bookingid": 2054
    },
    {
        "bookingid": 4463
    },
    {
        "bookingid": 136
    },
    {
        "bookingid": 4535
    },
    {
        "bookingid": 4572
    },
    {
        "bookingid": 2403
    },
    {
        "bookingid": 1705
    },
    {
        "bookingid": 87
    },
    {
        "bookingid": 1292
    },
    {
        "bookingid": 3067
    },
    {
        "bookingid": 2653
    },
    {
        "bookingid": 635
    },
    {
        "bookingid": 1550
    },
    {
        "bookingid": 3789
    },
    {
        "bookingid": 735
    },
    {
        "bookingid": 1928
    },
    {
        "bookingid": 3603
    },
    {
        "bookingid": 1330
    },
    {
        "bookingid": 3954
    },
    {
        "bookingid": 34
    },
    {
        "bookingid": 3526
    },
    {
        "bookingid": 795
    },
    {
        "bookingid": 3238
    },
    {
        "bookingid": 2406
    },
    {
        "bookingid": 1297
    },
    {
        "bookingid": 2974
    },
    {
        "bookingid": 219
    },
    {
        "bookingid": 1509
    },
    {
        "bookingid": 1415
    },
    {
        "bookingid": 3978
    },
    {
        "bookingid": 3421
    },
    {
        "bookingid": 4315
    },
    {
        "bookingid": 1177
    },
    {
        "bookingid": 2611
    },
    {
        "bookingid": 4026
    },
    {
        "bookingid": 571
    },
    {
        "bookingid": 4495
    },
    {
        "bookingid": 1588
    },
    {
        "bookingid": 3265
    },
    {
        "bookingid": 3973
    },
    {
        "bookingid": 2580
    },
    {
        "bookingid": 520
    },
    {
        "bookingid": 4103
    },
    {
        "bookingid": 784
    },
    {
        "bookingid": 4489
    },
    {
        "bookingid": 2650
    },
    {
        "bookingid": 3620
    },
    {
        "bookingid": 2954
    },
    {
        "bookingid": 852
    },
    {
        "bookingid": 752
    },
    {
        "bookingid": 1141
    },
    {
        "bookingid": 3979
    },
    {
        "bookingid": 1932
    },
    {
        "bookingid": 3632
    },
    {
        "bookingid": 865
    },
    {
        "bookingid": 1323
    },
    {
        "bookingid": 294
    },
    {
        "bookingid": 1872
    },
    {
        "bookingid": 1098
    },
    {
        "bookingid": 270
    },
    {
        "bookingid": 11
    },
    {
        "bookingid": 3891
    },
    {
        "bookingid": 2039
    },
    {
        "bookingid": 1699
    },
    {
        "bookingid": 772
    },
    {
        "bookingid": 3963
    },
    {
        "bookingid": 3643
    },
    {
        "bookingid": 2787
    },
    {
        "bookingid": 1587
    },
    {
        "bookingid": 1304
    },
    {
        "bookingid": 2879
    },
    {
        "bookingid": 748
    },
    {
        "bookingid": 3015
    },
    {
        "bookingid": 1783
    },
    {
        "bookingid": 606
    },
    {
        "bookingid": 4194
    },
    {
        "bookingid": 3759
    },
    {
        "bookingid": 2846
    },
    {
        "bookingid": 999
    },
    {
        "bookingid": 289
    },
    {
        "bookingid": 504
    },
    {
        "bookingid": 668
    },
    {
        "bookingid": 2343
    },
    {
        "bookingid": 57
    },
    {
        "bookingid": 3161
    },
    {
        "bookingid": 2569
    },
    {
        "bookingid": 379
    },
    {
        "bookingid": 288
    },
    {
        "bookingid": 3867
    },
    {
        "bookingid": 2989
    },
    {
        "bookingid": 116
    },
    {
        "bookingid": 2495
    },
    {
        "bookingid": 2801
    },
    {
        "bookingid": 4003
    },
    {
        "bookingid": 2522
    },
    {
        "bookingid": 3449
    },
    {
        "bookingid": 2910
    },
    {
        "bookingid": 988
    },
    {
        "bookingid": 311
    },
    {
        "bookingid": 2592
    },
    {
        "bookingid": 4047
    },
    {
        "bookingid": 3430
    },
    {
        "bookingid": 4283
    },
    {
        "bookingid": 3453
    },
    {
        "bookingid": 769
    },
    {
        "bookingid": 124
    },
    {
        "bookingid": 349
    },
    {
        "bookingid": 1598
    },
    {
        "bookingid": 4264
    },
    {
        "bookingid": 3581
    },
    {
        "bookingid": 3467
    },
    {
        "bookingid": 226
    },
    {
        "bookingid": 1102
    },
    {
        "bookingid": 1798
    },
    {
        "bookingid": 1854
    },
    {
        "bookingid": 535
    },
    {
        "bookingid": 494
    },
    {
        "bookingid": 2943
    },
    {
        "bookingid": 2187
    },
    {
        "bookingid": 1220
    },
    {
        "bookingid": 317
    },
    {
        "bookingid": 3875
    },
    {
        "bookingid": 1198
    },
    {
        "bookingid": 3610
    },
    {
        "bookingid": 1273
    },
    {
        "bookingid": 2458
    },
    {
        "bookingid": 3384
    },
    {
        "bookingid": 1472
    },
    {
        "bookingid": 2559
    },
    {
        "bookingid": 1720
    },
    {
        "bookingid": 2968
    },
    {
        "bookingid": 2000
    },
    {
        "bookingid": 3725
    },
    {
        "bookingid": 1845
    },
    {
        "bookingid": 2505
    },
    {
        "bookingid": 2451
    },
    {
        "bookingid": 1095
    },
    {
        "bookingid": 3442
    },
    {
        "bookingid": 1468
    },
    {
        "bookingid": 2258
    },
    {
        "bookingid": 2422
    },
    {
        "bookingid": 2208
    },
    {
        "bookingid": 1832
    },
    {
        "bookingid": 543
    },
    {
        "bookingid": 3511
    },
    {
        "bookingid": 4341
    },
    {
        "bookingid": 49
    },
    {
        "bookingid": 444
    },
    {
        "bookingid": 1753
    },
    {
        "bookingid": 1053
    },
    {
        "bookingid": 1482
    },
    {
        "bookingid": 4557
    },
    {
        "bookingid": 407
    },
    {
        "bookingid": 4171
    },
    {
        "bookingid": 879
    },
    {
        "bookingid": 13
    },
    {
        "bookingid": 3532
    },
    {
        "bookingid": 3708
    },
    {
        "bookingid": 2776
    },
    {
        "bookingid": 3475
    },
    {
        "bookingid": 3354
    },
    {
        "bookingid": 3897
    },
    {
        "bookingid": 3561
    },
    {
        "bookingid": 3145
    },
    {
        "bookingid": 3953
    },
    {
        "bookingid": 1153
    },
    {
        "bookingid": 1119
    },
    {
        "bookingid": 2046
    },
    {
        "bookingid": 1541
    },
    {
        "bookingid": 4475
    },
    {
        "bookingid": 3189
    },
    {
        "bookingid": 2960
    },
    {
        "bookingid": 1663
    },
    {
        "bookingid": 927
    },
    {
        "bookingid": 1715
    },
    {
        "bookingid": 2350
    },
    {
        "bookingid": 1090
    },
    {
        "bookingid": 598
    },
    {
        "bookingid": 1927
    },
    {
        "bookingid": 2647
    },
    {
        "bookingid": 2753
    },
    {
        "bookingid": 1693
    },
    {
        "bookingid": 275
    },
    {
        "bookingid": 1082
    },
    {
        "bookingid": 711
    },
    {
        "bookingid": 4076
    },
    {
        "bookingid": 364
    },
    {
        "bookingid": 3650
    },
    {
        "bookingid": 2644
    },
    {
        "bookingid": 1779
    },
    {
        "bookingid": 1763
    },
    {
        "bookingid": 2716
    },
    {
        "bookingid": 1447
    },
    {
        "bookingid": 4582
    },
    {
        "bookingid": 958
    },
    {
        "bookingid": 2239
    },
    {
        "bookingid": 101
    },
    {
        "bookingid": 2017
    },
    {
        "bookingid": 1564
    },
    {
        "bookingid": 3228
    },
    {
        "bookingid": 788
    },
    {
        "bookingid": 4536
    },
    {
        "bookingid": 1022
    },
    {
        "bookingid": 2993
    },
    {
        "bookingid": 3702
    },
    {
        "bookingid": 36
    },
    {
        "bookingid": 3324
    },
    {
        "bookingid": 167
    },
    {
        "bookingid": 75
    },
    {
        "bookingid": 4552
    },
    {
        "bookingid": 1140
    },
    {
        "bookingid": 2308
    },
    {
        "bookingid": 1403
    },
    {
        "bookingid": 2756
    },
    {
        "bookingid": 150
    },
    {
        "bookingid": 1294
    },
    {
        "bookingid": 2523
    },
    {
        "bookingid": 2853
    },
    {
        "bookingid": 3017
    },
    {
        "bookingid": 1163
    },
    {
        "bookingid": 3857
    },
    {
        "bookingid": 3018
    },
    {
        "bookingid": 1453
    },
    {
        "bookingid": 501
    },
    {
        "bookingid": 4053
    },
    {
        "bookingid": 1311
    },
    {
        "bookingid": 1467
    },
    {
        "bookingid": 2381
    },
    {
        "bookingid": 4304
    },
    {
        "bookingid": 837
    },
    {
        "bookingid": 3506
    },
    {
        "bookingid": 688
    },
    {
        "bookingid": 2595
    },
    {
        "bookingid": 2721
    },
    {
        "bookingid": 2901
    },
    {
        "bookingid": 3754
    },
    {
        "bookingid": 1206
    },
    {
        "bookingid": 4513
    },
    {
        "bookingid": 1713
    },
    {
        "bookingid": 2264
    },
    {
        "bookingid": 522
    },
    {
        "bookingid": 3373
    },
    {
        "bookingid": 4539
    },
    {
        "bookingid": 4109
    },
    {
        "bookingid": 3041
    },
    {
        "bookingid": 2219
    },
    {
        "bookingid": 2170
    },
    {
        "bookingid": 1446
    },
    {
        "bookingid": 2244
    },
    {
        "bookingid": 409
    },
    {
        "bookingid": 3719
    },
    {
        "bookingid": 2857
    },
    {
        "bookingid": 4408
    },
    {
        "bookingid": 4529
    },
    {
        "bookingid": 3455
    },
    {
        "bookingid": 3785
    },
    {
        "bookingid": 3783
    },
    {
        "bookingid": 3227
    },
    {
        "bookingid": 667
    },
    {
        "bookingid": 2346
    },
    {
        "bookingid": 4215
    },
    {
        "bookingid": 2508
    },
    {
        "bookingid": 1459
    },
    {
        "bookingid": 472
    },
    {
        "bookingid": 1858
    },
    {
        "bookingid": 1973
    },
    {
        "bookingid": 1358
    },
    {
        "bookingid": 4190
    },
    {
        "bookingid": 4431
    },
    {
        "bookingid": 1106
    },
    {
        "bookingid": 528
    },
    {
        "bookingid": 4034
    },
    {
        "bookingid": 413
    },
    {
        "bookingid": 28
    },
    {
        "bookingid": 577
    },
    {
        "bookingid": 3071
    },
    {
        "bookingid": 1703
    },
    {
        "bookingid": 1427
    },
    {
        "bookingid": 388
    },
    {
        "bookingid": 1166
    },
    {
        "bookingid": 1333
    },
    {
        "bookingid": 174
    },
    {
        "bookingid": 1960
    },
    {
        "bookingid": 2330
    },
    {
        "bookingid": 1914
    },
    {
        "bookingid": 1110
    },
    {
        "bookingid": 672
    },
    {
        "bookingid": 3664
    },
    {
        "bookingid": 2271
    },
    {
        "bookingid": 1670
    },
    {
        "bookingid": 2526
    },
    {
        "bookingid": 4567
    },
    {
        "bookingid": 3627
    },
    {
        "bookingid": 239
    },
    {
        "bookingid": 2337
    },
    {
        "bookingid": 578
    },
    {
        "bookingid": 897
    },
    {
        "bookingid": 2552
    },
    {
        "bookingid": 1431
    },
    {
        "bookingid": 4242
    },
    {
        "bookingid": 758
    },
    {
        "bookingid": 4236
    },
    {
        "bookingid": 3905
    },
    {
        "bookingid": 4314
    },
    {
        "bookingid": 4269
    },
    {
        "bookingid": 1859
    },
    {
        "bookingid": 291
    },
    {
        "bookingid": 1616
    },
    {
        "bookingid": 3596
    },
    {
        "bookingid": 2887
    },
    {
        "bookingid": 385
    },
    {
        "bookingid": 4091
    },
    {
        "bookingid": 4432
    },
    {
        "bookingid": 4095
    },
    {
        "bookingid": 1269
    },
    {
        "bookingid": 1112
    },
    {
        "bookingid": 169
    },
    {
        "bookingid": 258
    },
    {
        "bookingid": 544
    },
    {
        "bookingid": 3587
    },
    {
        "bookingid": 1229
    },
    {
        "bookingid": 2835
    },
    {
        "bookingid": 4279
    },
    {
        "bookingid": 2971
    },
    {
        "bookingid": 2419
    },
    {
        "bookingid": 323
    },
    {
        "bookingid": 2294
    },
    {
        "bookingid": 3518
    },
    {
        "bookingid": 985
    },
    {
        "bookingid": 548
    },
    {
        "bookingid": 1692
    },
    {
        "bookingid": 3733
    },
    {
        "bookingid": 3142
    },
    {
        "bookingid": 1719
    },
    {
        "bookingid": 17
    },
    {
        "bookingid": 1475
    },
    {
        "bookingid": 1280
    },
    {
        "bookingid": 3692
    },
    {
        "bookingid": 3268
    },
    {
        "bookingid": 523
    },
    {
        "bookingid": 3500
    },
    {
        "bookingid": 1816
    },
    {
        "bookingid": 674
    },
    {
        "bookingid": 1412
    },
    {
        "bookingid": 2134
    },
    {
        "bookingid": 2838
    },
    {
        "bookingid": 3122
    },
    {
        "bookingid": 3310
    },
    {
        "bookingid": 1002
    },
    {
        "bookingid": 1180
    },
    {
        "bookingid": 467
    },
    {
        "bookingid": 970
    },
    {
        "bookingid": 1452
    },
    {
        "bookingid": 4077
    },
    {
        "bookingid": 2947
    },
    {
        "bookingid": 1790
    },
    {
        "bookingid": 2562
    },
    {
        "bookingid": 1766
    },
    {
        "bookingid": 3586
    },
    {
        "bookingid": 1603
    },
    {
        "bookingid": 1595
    },
    {
        "bookingid": 3292
    },
    {
        "bookingid": 803
    },
    {
        "bookingid": 175
    },
    {
        "bookingid": 2754
    },
    {
        "bookingid": 421
    },
    {
        "bookingid": 2942
    },
    {
        "bookingid": 4461
    },
    {
        "bookingid": 1411
    },
    {
        "bookingid": 4481
    },
    {
        "bookingid": 2617
    },
    {
        "bookingid": 1433
    },
    {
        "bookingid": 1277
    },
    {
        "bookingid": 1125
    },
    {
        "bookingid": 2706
    },
    {
        "bookingid": 3094
    },
    {
        "bookingid": 2061
    },
    {
        "bookingid": 2483
    },
    {
        "bookingid": 2547
    },
    {
        "bookingid": 507
    },
    {
        "bookingid": 4326
    },
    {
        "bookingid": 2529
    },
    {
        "bookingid": 498
    },
    {
        "bookingid": 3349
    },
    {
        "bookingid": 712
    },
    {
        "bookingid": 1688
    },
    {
        "bookingid": 2894
    },
    {
        "bookingid": 4330
    },
    {
        "bookingid": 3674
    },
    {
        "bookingid": 2393
    },
    {
        "bookingid": 903
    },
    {
        "bookingid": 3598
    },
    {
        "bookingid": 2783
    },
    {
        "bookingid": 69
    },
    {
        "bookingid": 3957
    },
    {
        "bookingid": 1059
    },
    {
        "bookingid": 3615
    },
    {
        "bookingid": 260
    },
    {
        "bookingid": 1507
    },
    {
        "bookingid": 4485
    },
    {
        "bookingid": 4587
    },
    {
        "bookingid": 3921
    },
    {
        "bookingid": 20
    },
    {
        "bookingid": 29
    },
    {
        "bookingid": 3391
    },
    {
        "bookingid": 1760
    }
]
]]></system-out>
    <system-err><![CDATA[SLF4J: Failed to load class "org.slf4j.impl.StaticLoggerBinder".
SLF4J: Defaulting to no-operation (NOP) logger implementation
SLF4J: See http://www.slf4j.org/codes.html#StaticLoggerBinder for further details.
]]></system-err>
  </testcase>
</testsuite>