<?xml version="1.0" encoding="UTF-8"?>
<testng-results ignored="0" total="1" passed="1" failed="0" skipped="0">
  <reporter-output>
  </reporter-output>
  <suite started-at="2024-12-30T13:19:09 IST" name="Surefire suite" finished-at="2024-12-30T13:19:14 IST" duration-ms="4473">
    <groups>
    </groups>
    <test started-at="2024-12-30T13:19:09 IST" name="Surefire test" finished-at="2024-12-30T13:19:14 IST" duration-ms="4473">
      <class name="test.test.project.TestDemo">
        <test-method signature="getAllBookings()[pri:0, instance:test.test.project.TestDemo@16e7dcfd]" started-at="2024-12-30T13:19:09 IST" name="getAllBookings" finished-at="2024-12-30T13:19:14 IST" duration-ms="4399" status="PASS">
          <reporter-output>
          </reporter-output>
        </test-method> <!-- getAllBookings -->
      </class> <!-- test.test.project.TestDemo -->
    </test> <!-- Surefire test -->
  </suite> <!-- Surefire suite -->
</testng-results>
